[1.319s] DEBUG:colcon:Command line arguments: ['/usr/bin/colcon', 'build']
[1.319s] DEBUG:colcon:Parsed command line arguments: Namespace(log_base=None, log_level=None, verb_name='build', build_base='build', install_base='install', merge_install=False, symlink_install=False, test_result_base=None, continue_on_error=False, executor='parallel', parallel_workers=8, event_handlers=None, ignore_user_meta=False, metas=['./colcon.meta'], base_paths=['.'], packages_ignore=None, packages_ignore_regex=None, paths=None, packages_up_to=None, packages_up_to_regex=None, packages_above=None, packages_above_and_dependencies=None, packages_above_depth=None, packages_select_by_dep=None, packages_skip_by_dep=None, packages_skip_up_to=None, packages_select_build_failed=False, packages_skip_build_finished=False, packages_select_test_failures=False, packages_skip_test_passed=False, packages_select=None, packages_skip=None, packages_select_regex=None, packages_skip_regex=None, packages_start=None, packages_end=None, allow_overriding=[], cmake_args=None, cmake_target=None, cmake_target_skip_unavailable=False, cmake_clean_cache=False, cmake_clean_first=False, cmake_force_configure=False, ament_cmake_args=None, catkin_cmake_args=None, catkin_skip_building_tests=False, verb_parser=<colcon_defaults.argument_parser.defaults.DefaultArgumentsDecorator object at 0x7e468eac7a40>, verb_extension=<colcon_core.verb.build.BuildVerb object at 0x7e468ec70410>, main=<bound method BuildVerb.main of <colcon_core.verb.build.BuildVerb object at 0x7e468ec70410>>)
[1.616s] Level 1:colcon.colcon_core.package_discovery:discover_packages(colcon_meta) check parameters
[1.616s] Level 1:colcon.colcon_core.package_discovery:discover_packages(recursive) check parameters
[1.616s] Level 1:colcon.colcon_core.package_discovery:discover_packages(ignore) check parameters
[1.616s] Level 1:colcon.colcon_core.package_discovery:discover_packages(path) check parameters
[1.616s] Level 1:colcon.colcon_core.package_discovery:discover_packages(colcon_meta) discover
[1.616s] Level 1:colcon.colcon_core.package_discovery:discover_packages(recursive) discover
[1.616s] INFO:colcon.colcon_core.package_discovery:Crawling recursively for packages in '/home/ubuntu/Desktop/Research_Track_I'
[1.616s] Level 1:colcon.colcon_core.package_identification:_identify(.) by extensions ['ignore', 'ignore_ament_install']
[1.617s] Level 1:colcon.colcon_core.package_identification:_identify(.) by extension 'ignore'
[1.617s] Level 1:colcon.colcon_core.package_identification:_identify(.) by extension 'ignore_ament_install'
[1.617s] Level 1:colcon.colcon_core.package_identification:_identify(.) by extensions ['colcon_pkg']
[1.617s] Level 1:colcon.colcon_core.package_identification:_identify(.) by extension 'colcon_pkg'
[1.618s] Level 1:colcon.colcon_core.package_identification:_identify(.) by extensions ['colcon_meta']
[1.618s] Level 1:colcon.colcon_core.package_identification:_identify(.) by extension 'colcon_meta'
[1.618s] Level 1:colcon.colcon_core.package_identification:_identify(.) by extensions ['ros']
[1.618s] Level 1:colcon.colcon_core.package_identification:_identify(.) by extension 'ros'
[1.737s] Level 1:colcon.colcon_core.package_identification:_identify(.) by extensions ['cmake', 'python']
[1.738s] Level 1:colcon.colcon_core.package_identification:_identify(.) by extension 'cmake'
[1.738s] Level 1:colcon.colcon_core.package_identification:_identify(.) by extension 'python'
[1.738s] Level 1:colcon.colcon_core.package_identification:_identify(.) by extensions ['python_setup_py']
[1.738s] Level 1:colcon.colcon_core.package_identification:_identify(.) by extension 'python_setup_py'
[1.739s] Level 1:colcon.colcon_core.package_identification:_identify(build) by extensions ['ignore', 'ignore_ament_install']
[1.740s] Level 1:colcon.colcon_core.package_identification:_identify(build) by extension 'ignore'
[1.740s] Level 1:colcon.colcon_core.package_identification:_identify(build) ignored
[1.741s] Level 1:colcon.colcon_core.package_identification:_identify(install) by extensions ['ignore', 'ignore_ament_install']
[1.741s] Level 1:colcon.colcon_core.package_identification:_identify(install) by extension 'ignore'
[1.742s] Level 1:colcon.colcon_core.package_identification:_identify(install) ignored
[1.742s] Level 1:colcon.colcon_core.package_identification:_identify(log) by extensions ['ignore', 'ignore_ament_install']
[1.742s] Level 1:colcon.colcon_core.package_identification:_identify(log) by extension 'ignore'
[1.742s] Level 1:colcon.colcon_core.package_identification:_identify(log) ignored
[1.743s] Level 1:colcon.colcon_core.package_identification:_identify(src) by extensions ['ignore', 'ignore_ament_install']
[1.743s] Level 1:colcon.colcon_core.package_identification:_identify(src) by extension 'ignore'
[1.744s] Level 1:colcon.colcon_core.package_identification:_identify(src) by extension 'ignore_ament_install'
[1.744s] Level 1:colcon.colcon_core.package_identification:_identify(src) by extensions ['colcon_pkg']
[1.744s] Level 1:colcon.colcon_core.package_identification:_identify(src) by extension 'colcon_pkg'
[1.744s] Level 1:colcon.colcon_core.package_identification:_identify(src) by extensions ['colcon_meta']
[1.744s] Level 1:colcon.colcon_core.package_identification:_identify(src) by extension 'colcon_meta'
[1.744s] Level 1:colcon.colcon_core.package_identification:_identify(src) by extensions ['ros']
[1.744s] Level 1:colcon.colcon_core.package_identification:_identify(src) by extension 'ros'
[1.746s] Level 1:colcon.colcon_core.package_identification:_identify(src) by extensions ['cmake', 'python']
[1.746s] Level 1:colcon.colcon_core.package_identification:_identify(src) by extension 'cmake'
[1.748s] Level 1:colcon.colcon_core.package_identification:_identify(src) by extension 'python'
[1.749s] Level 1:colcon.colcon_core.package_identification:_identify(src) by extensions ['python_setup_py']
[1.749s] Level 1:colcon.colcon_core.package_identification:_identify(src) by extension 'python_setup_py'
[1.750s] Level 1:colcon.colcon_core.package_identification:_identify(src/Assignment1) by extensions ['ignore', 'ignore_ament_install']
[1.750s] Level 1:colcon.colcon_core.package_identification:_identify(src/Assignment1) by extension 'ignore'
[1.750s] Level 1:colcon.colcon_core.package_identification:_identify(src/Assignment1) by extension 'ignore_ament_install'
[1.751s] Level 1:colcon.colcon_core.package_identification:_identify(src/Assignment1) by extensions ['colcon_pkg']
[1.751s] Level 1:colcon.colcon_core.package_identification:_identify(src/Assignment1) by extension 'colcon_pkg'
[1.751s] Level 1:colcon.colcon_core.package_identification:_identify(src/Assignment1) by extensions ['colcon_meta']
[1.751s] Level 1:colcon.colcon_core.package_identification:_identify(src/Assignment1) by extension 'colcon_meta'
[1.751s] Level 1:colcon.colcon_core.package_identification:_identify(src/Assignment1) by extensions ['ros']
[1.751s] Level 1:colcon.colcon_core.package_identification:_identify(src/Assignment1) by extension 'ros'
[1.769s] DEBUG:colcon.colcon_core.package_identification:Package 'src/Assignment1' with type 'ros.ament_cmake' and name 'Assignment1'
[1.769s] Level 1:colcon.colcon_core.package_discovery:discover_packages(recursive) using defaults
[1.769s] Level 1:colcon.colcon_core.package_discovery:discover_packages(ignore) discover
[1.770s] Level 1:colcon.colcon_core.package_discovery:discover_packages(ignore) using defaults
[1.770s] Level 1:colcon.colcon_core.package_discovery:discover_packages(path) discover
[1.770s] Level 1:colcon.colcon_core.package_discovery:discover_packages(path) using defaults
[1.919s] Level 1:colcon.colcon_core.package_discovery:discover_packages(prefix_path) check parameters
[1.919s] Level 1:colcon.colcon_core.package_discovery:discover_packages(prefix_path) discover
[1.949s] DEBUG:colcon.colcon_installed_package_information.package_discovery:Found 315 installed packages in /opt/ros/jazzy
[1.952s] Level 1:colcon.colcon_core.package_discovery:discover_packages(prefix_path) using defaults
[2.164s] Level 5:colcon.colcon_core.verb:set package 'Assignment1' build argument 'cmake_args' from command line to 'None'
[2.164s] Level 5:colcon.colcon_core.verb:set package 'Assignment1' build argument 'cmake_target' from command line to 'None'
[2.165s] Level 5:colcon.colcon_core.verb:set package 'Assignment1' build argument 'cmake_target_skip_unavailable' from command line to 'False'
[2.165s] Level 5:colcon.colcon_core.verb:set package 'Assignment1' build argument 'cmake_clean_cache' from command line to 'False'
[2.165s] Level 5:colcon.colcon_core.verb:set package 'Assignment1' build argument 'cmake_clean_first' from command line to 'False'
[2.165s] Level 5:colcon.colcon_core.verb:set package 'Assignment1' build argument 'cmake_force_configure' from command line to 'False'
[2.165s] Level 5:colcon.colcon_core.verb:set package 'Assignment1' build argument 'ament_cmake_args' from command line to 'None'
[2.165s] Level 5:colcon.colcon_core.verb:set package 'Assignment1' build argument 'catkin_cmake_args' from command line to 'None'
[2.165s] Level 5:colcon.colcon_core.verb:set package 'Assignment1' build argument 'catkin_skip_building_tests' from command line to 'False'
[2.165s] DEBUG:colcon.colcon_core.verb:Building package 'Assignment1' with the following arguments: {'ament_cmake_args': None, 'build_base': '/home/ubuntu/Desktop/Research_Track_I/build/Assignment1', 'catkin_cmake_args': None, 'catkin_skip_building_tests': False, 'cmake_args': None, 'cmake_clean_cache': False, 'cmake_clean_first': False, 'cmake_force_configure': False, 'cmake_target': None, 'cmake_target_skip_unavailable': False, 'install_base': '/home/ubuntu/Desktop/Research_Track_I/install/Assignment1', 'merge_install': False, 'path': '/home/ubuntu/Desktop/Research_Track_I/src/Assignment1', 'symlink_install': False, 'test_result_base': None}
[2.166s] INFO:colcon.colcon_core.executor:Executing jobs using 'parallel' executor
[2.168s] DEBUG:colcon.colcon_parallel_executor.executor.parallel:run_until_complete
[2.168s] INFO:colcon.colcon_ros.task.ament_cmake.build:Building ROS package in '/home/ubuntu/Desktop/Research_Track_I/src/Assignment1' with build type 'ament_cmake'
[2.169s] INFO:colcon.colcon_cmake.task.cmake.build:Building CMake package in '/home/ubuntu/Desktop/Research_Track_I/src/Assignment1'
[2.191s] INFO:colcon.colcon_core.plugin_system:Skipping extension 'colcon_core.shell.bat': Not used on non-Windows systems
[2.192s] INFO:colcon.colcon_core.shell:Skip shell extension 'powershell' for command environment: Not usable outside of PowerShell
[2.192s] DEBUG:colcon.colcon_core.shell:Skip shell extension 'dsv' for command environment
[2.254s] DEBUG:colcon.colcon_core.event_handler.log_command:Invoking command in '/home/ubuntu/Desktop/Research_Track_I/build/Assignment1': CMAKE_PREFIX_PATH=${CMAKE_PREFIX_PATH}:/opt/ros/jazzy /usr/bin/cmake --build /home/ubuntu/Desktop/Research_Track_I/build/Assignment1 -- -j8 -l8
[15.537s] DEBUG:colcon.colcon_core.event_handler.log_command:Invoked command in '/home/ubuntu/Desktop/Research_Track_I/build/Assignment1' returned '2': CMAKE_PREFIX_PATH=${CMAKE_PREFIX_PATH}:/opt/ros/jazzy /usr/bin/cmake --build /home/ubuntu/Desktop/Research_Track_I/build/Assignment1 -- -j8 -l8
[15.556s] Level 1:colcon.colcon_core.environment:create_environment_scripts_only(Assignment1)
[15.625s] Level 1:colcon.colcon_core.environment:checking '/home/ubuntu/Desktop/Research_Track_I/install/Assignment1' for CMake module files
[15.635s] Level 1:colcon.colcon_core.environment:checking '/home/ubuntu/Desktop/Research_Track_I/install/Assignment1' for CMake config files
[15.638s] Level 1:colcon.colcon_core.shell:create_environment_hook('Assignment1', 'cmake_prefix_path')
[15.640s] INFO:colcon.colcon_core.shell:Creating environment hook '/home/ubuntu/Desktop/Research_Track_I/install/Assignment1/share/Assignment1/hook/cmake_prefix_path.ps1'
[15.663s] INFO:colcon.colcon_core.shell:Creating environment descriptor '/home/ubuntu/Desktop/Research_Track_I/install/Assignment1/share/Assignment1/hook/cmake_prefix_path.dsv'
[15.670s] INFO:colcon.colcon_core.shell:Creating environment hook '/home/ubuntu/Desktop/Research_Track_I/install/Assignment1/share/Assignment1/hook/cmake_prefix_path.sh'
[15.676s] Level 1:colcon.colcon_core.environment:checking '/home/ubuntu/Desktop/Research_Track_I/install/Assignment1/lib'
[15.676s] Level 1:colcon.colcon_core.environment:checking '/home/ubuntu/Desktop/Research_Track_I/install/Assignment1/bin'
[15.677s] Level 1:colcon.colcon_core.environment:checking '/home/ubuntu/Desktop/Research_Track_I/install/Assignment1/lib/pkgconfig/Assignment1.pc'
[15.680s] Level 1:colcon.colcon_core.environment:checking '/home/ubuntu/Desktop/Research_Track_I/install/Assignment1/lib/python3.12/site-packages'
[15.681s] Level 1:colcon.colcon_core.environment:checking '/home/ubuntu/Desktop/Research_Track_I/install/Assignment1/bin'
[15.682s] INFO:colcon.colcon_core.shell:Creating package script '/home/ubuntu/Desktop/Research_Track_I/install/Assignment1/share/Assignment1/package.ps1'
[15.690s] INFO:colcon.colcon_core.shell:Creating package descriptor '/home/ubuntu/Desktop/Research_Track_I/install/Assignment1/share/Assignment1/package.dsv'
[15.694s] INFO:colcon.colcon_core.shell:Creating package script '/home/ubuntu/Desktop/Research_Track_I/install/Assignment1/share/Assignment1/package.sh'
[15.698s] INFO:colcon.colcon_core.shell:Creating package script '/home/ubuntu/Desktop/Research_Track_I/install/Assignment1/share/Assignment1/package.bash'
[15.703s] INFO:colcon.colcon_core.shell:Creating package script '/home/ubuntu/Desktop/Research_Track_I/install/Assignment1/share/Assignment1/package.zsh'
[15.709s] Level 1:colcon.colcon_core.environment:create_file_with_runtime_dependencies(/home/ubuntu/Desktop/Research_Track_I/install/Assignment1/share/colcon-core/packages/Assignment1)
[15.718s] DEBUG:colcon.colcon_parallel_executor.executor.parallel:closing loop
[15.720s] DEBUG:colcon.colcon_parallel_executor.executor.parallel:loop closed
[15.722s] DEBUG:colcon.colcon_parallel_executor.executor.parallel:run_until_complete finished with '2'
[15.723s] DEBUG:colcon.colcon_core.event_reactor:joining thread
[15.805s] INFO:colcon.colcon_core.plugin_system:Skipping extension 'colcon_notification.desktop_notification.terminal_notifier': Not used on non-Darwin systems
[15.805s] INFO:colcon.colcon_core.plugin_system:Skipping extension 'colcon_notification.desktop_notification.win32': Not used on non-Windows systems
[15.806s] INFO:colcon.colcon_notification.desktop_notification:Sending desktop notification using 'notify2'
[16.683s] DEBUG:colcon.colcon_core.event_reactor:joined thread
[16.685s] INFO:colcon.colcon_core.shell:Creating prefix script '/home/ubuntu/Desktop/Research_Track_I/install/local_setup.ps1'
[16.688s] INFO:colcon.colcon_core.shell:Creating prefix util module '/home/ubuntu/Desktop/Research_Track_I/install/_local_setup_util_ps1.py'
[16.691s] INFO:colcon.colcon_core.shell:Creating prefix chain script '/home/ubuntu/Desktop/Research_Track_I/install/setup.ps1'
[16.694s] INFO:colcon.colcon_core.shell:Creating prefix script '/home/ubuntu/Desktop/Research_Track_I/install/local_setup.sh'
[16.695s] INFO:colcon.colcon_core.shell:Creating prefix util module '/home/ubuntu/Desktop/Research_Track_I/install/_local_setup_util_sh.py'
[16.696s] INFO:colcon.colcon_core.shell:Creating prefix chain script '/home/ubuntu/Desktop/Research_Track_I/install/setup.sh'
[16.698s] INFO:colcon.colcon_core.shell:Creating prefix script '/home/ubuntu/Desktop/Research_Track_I/install/local_setup.bash'
[16.699s] INFO:colcon.colcon_core.shell:Creating prefix chain script '/home/ubuntu/Desktop/Research_Track_I/install/setup.bash'
[16.701s] INFO:colcon.colcon_core.shell:Creating prefix script '/home/ubuntu/Desktop/Research_Track_I/install/local_setup.zsh'
[16.704s] INFO:colcon.colcon_core.shell:Creating prefix chain script '/home/ubuntu/Desktop/Research_Track_I/install/setup.zsh'
