[0.729s] DEBUG:colcon:Command line arguments: ['/usr/bin/colcon', 'build']
[0.729s] DEBUG:colcon:Parsed command line arguments: Namespace(log_base=None, log_level=None, verb_name='build', build_base='build', install_base='install', merge_install=False, symlink_install=False, test_result_base=None, continue_on_error=False, executor='parallel', parallel_workers=8, event_handlers=None, ignore_user_meta=False, metas=['./colcon.meta'], base_paths=['.'], packages_ignore=None, packages_ignore_regex=None, paths=None, packages_up_to=None, packages_up_to_regex=None, packages_above=None, packages_above_and_dependencies=None, packages_above_depth=None, packages_select_by_dep=None, packages_skip_by_dep=None, packages_skip_up_to=None, packages_select_build_failed=False, packages_skip_build_finished=False, packages_select_test_failures=False, packages_skip_test_passed=False, packages_select=None, packages_skip=None, packages_select_regex=None, packages_skip_regex=None, packages_start=None, packages_end=None, allow_overriding=[], cmake_args=None, cmake_target=None, cmake_target_skip_unavailable=False, cmake_clean_cache=False, cmake_clean_first=False, cmake_force_configure=False, ament_cmake_args=None, catkin_cmake_args=None, catkin_skip_building_tests=False, verb_parser=<colcon_defaults.argument_parser.defaults.DefaultArgumentsDecorator object at 0x7798935d3770>, verb_extension=<colcon_core.verb.build.BuildVerb object at 0x7798935a5970>, main=<bound method BuildVerb.main of <colcon_core.verb.build.BuildVerb object at 0x7798935a5970>>)
[0.879s] Level 1:colcon.colcon_core.package_discovery:discover_packages(colcon_meta) check parameters
[0.880s] Level 1:colcon.colcon_core.package_discovery:discover_packages(recursive) check parameters
[0.880s] Level 1:colcon.colcon_core.package_discovery:discover_packages(ignore) check parameters
[0.880s] Level 1:colcon.colcon_core.package_discovery:discover_packages(path) check parameters
[0.880s] Level 1:colcon.colcon_core.package_discovery:discover_packages(colcon_meta) discover
[0.880s] Level 1:colcon.colcon_core.package_discovery:discover_packages(recursive) discover
[0.880s] INFO:colcon.colcon_core.package_discovery:Crawling recursively for packages in '/home/ubuntu/Desktop/Research_Track_I'
[0.880s] Level 1:colcon.colcon_core.package_identification:_identify(.) by extensions ['ignore', 'ignore_ament_install']
[0.881s] Level 1:colcon.colcon_core.package_identification:_identify(.) by extension 'ignore'
[0.882s] Level 1:colcon.colcon_core.package_identification:_identify(.) by extension 'ignore_ament_install'
[0.882s] Level 1:colcon.colcon_core.package_identification:_identify(.) by extensions ['colcon_pkg']
[0.882s] Level 1:colcon.colcon_core.package_identification:_identify(.) by extension 'colcon_pkg'
[0.882s] Level 1:colcon.colcon_core.package_identification:_identify(.) by extensions ['colcon_meta']
[0.882s] Level 1:colcon.colcon_core.package_identification:_identify(.) by extension 'colcon_meta'
[0.882s] Level 1:colcon.colcon_core.package_identification:_identify(.) by extensions ['ros']
[0.882s] Level 1:colcon.colcon_core.package_identification:_identify(.) by extension 'ros'
[0.947s] Level 1:colcon.colcon_core.package_identification:_identify(.) by extensions ['cmake', 'python']
[0.947s] Level 1:colcon.colcon_core.package_identification:_identify(.) by extension 'cmake'
[0.948s] Level 1:colcon.colcon_core.package_identification:_identify(.) by extension 'python'
[0.948s] Level 1:colcon.colcon_core.package_identification:_identify(.) by extensions ['python_setup_py']
[0.948s] Level 1:colcon.colcon_core.package_identification:_identify(.) by extension 'python_setup_py'
[0.948s] Level 1:colcon.colcon_core.package_identification:_identify(build) by extensions ['ignore', 'ignore_ament_install']
[0.948s] Level 1:colcon.colcon_core.package_identification:_identify(build) by extension 'ignore'
[0.948s] Level 1:colcon.colcon_core.package_identification:_identify(build) ignored
[0.948s] Level 1:colcon.colcon_core.package_identification:_identify(install) by extensions ['ignore', 'ignore_ament_install']
[0.948s] Level 1:colcon.colcon_core.package_identification:_identify(install) by extension 'ignore'
[0.948s] Level 1:colcon.colcon_core.package_identification:_identify(install) ignored
[0.949s] Level 1:colcon.colcon_core.package_identification:_identify(log) by extensions ['ignore', 'ignore_ament_install']
[0.949s] Level 1:colcon.colcon_core.package_identification:_identify(log) by extension 'ignore'
[0.949s] Level 1:colcon.colcon_core.package_identification:_identify(log) ignored
[0.949s] Level 1:colcon.colcon_core.package_identification:_identify(src) by extensions ['ignore', 'ignore_ament_install']
[0.949s] Level 1:colcon.colcon_core.package_identification:_identify(src) by extension 'ignore'
[0.949s] Level 1:colcon.colcon_core.package_identification:_identify(src) by extension 'ignore_ament_install'
[0.949s] Level 1:colcon.colcon_core.package_identification:_identify(src) by extensions ['colcon_pkg']
[0.949s] Level 1:colcon.colcon_core.package_identification:_identify(src) by extension 'colcon_pkg'
[0.949s] Level 1:colcon.colcon_core.package_identification:_identify(src) by extensions ['colcon_meta']
[0.949s] Level 1:colcon.colcon_core.package_identification:_identify(src) by extension 'colcon_meta'
[0.949s] Level 1:colcon.colcon_core.package_identification:_identify(src) by extensions ['ros']
[0.949s] Level 1:colcon.colcon_core.package_identification:_identify(src) by extension 'ros'
[0.949s] Level 1:colcon.colcon_core.package_identification:_identify(src) by extensions ['cmake', 'python']
[0.950s] Level 1:colcon.colcon_core.package_identification:_identify(src) by extension 'cmake'
[0.950s] Level 1:colcon.colcon_core.package_identification:_identify(src) by extension 'python'
[0.950s] Level 1:colcon.colcon_core.package_identification:_identify(src) by extensions ['python_setup_py']
[0.950s] Level 1:colcon.colcon_core.package_identification:_identify(src) by extension 'python_setup_py'
[0.950s] Level 1:colcon.colcon_core.package_identification:_identify(src/Assignment1) by extensions ['ignore', 'ignore_ament_install']
[0.950s] Level 1:colcon.colcon_core.package_identification:_identify(src/Assignment1) by extension 'ignore'
[0.950s] Level 1:colcon.colcon_core.package_identification:_identify(src/Assignment1) by extension 'ignore_ament_install'
[0.950s] Level 1:colcon.colcon_core.package_identification:_identify(src/Assignment1) by extensions ['colcon_pkg']
[0.950s] Level 1:colcon.colcon_core.package_identification:_identify(src/Assignment1) by extension 'colcon_pkg'
[0.950s] Level 1:colcon.colcon_core.package_identification:_identify(src/Assignment1) by extensions ['colcon_meta']
[0.950s] Level 1:colcon.colcon_core.package_identification:_identify(src/Assignment1) by extension 'colcon_meta'
[0.951s] Level 1:colcon.colcon_core.package_identification:_identify(src/Assignment1) by extensions ['ros']
[0.951s] Level 1:colcon.colcon_core.package_identification:_identify(src/Assignment1) by extension 'ros'
[0.958s] DEBUG:colcon.colcon_core.package_identification:Package 'src/Assignment1' with type 'ros.ament_cmake' and name 'Assignment1'
[0.958s] Level 1:colcon.colcon_core.package_discovery:discover_packages(recursive) using defaults
[0.958s] Level 1:colcon.colcon_core.package_discovery:discover_packages(ignore) discover
[0.958s] Level 1:colcon.colcon_core.package_discovery:discover_packages(ignore) using defaults
[0.958s] Level 1:colcon.colcon_core.package_discovery:discover_packages(path) discover
[0.958s] Level 1:colcon.colcon_core.package_discovery:discover_packages(path) using defaults
[1.019s] Level 1:colcon.colcon_core.package_discovery:discover_packages(prefix_path) check parameters
[1.019s] Level 1:colcon.colcon_core.package_discovery:discover_packages(prefix_path) discover
[1.028s] DEBUG:colcon.colcon_installed_package_information.package_discovery:Found 1 installed packages in /home/ubuntu/Desktop/Research_Track_I/install
[1.029s] DEBUG:colcon.colcon_installed_package_information.package_discovery:Found 315 installed packages in /opt/ros/jazzy
[1.031s] Level 1:colcon.colcon_core.package_discovery:discover_packages(prefix_path) using defaults
[1.106s] Level 5:colcon.colcon_core.verb:set package 'Assignment1' build argument 'cmake_args' from command line to 'None'
[1.106s] Level 5:colcon.colcon_core.verb:set package 'Assignment1' build argument 'cmake_target' from command line to 'None'
[1.106s] Level 5:colcon.colcon_core.verb:set package 'Assignment1' build argument 'cmake_target_skip_unavailable' from command line to 'False'
[1.106s] Level 5:colcon.colcon_core.verb:set package 'Assignment1' build argument 'cmake_clean_cache' from command line to 'False'
[1.107s] Level 5:colcon.colcon_core.verb:set package 'Assignment1' build argument 'cmake_clean_first' from command line to 'False'
[1.107s] Level 5:colcon.colcon_core.verb:set package 'Assignment1' build argument 'cmake_force_configure' from command line to 'False'
[1.107s] Level 5:colcon.colcon_core.verb:set package 'Assignment1' build argument 'ament_cmake_args' from command line to 'None'
[1.107s] Level 5:colcon.colcon_core.verb:set package 'Assignment1' build argument 'catkin_cmake_args' from command line to 'None'
[1.107s] Level 5:colcon.colcon_core.verb:set package 'Assignment1' build argument 'catkin_skip_building_tests' from command line to 'False'
[1.107s] DEBUG:colcon.colcon_core.verb:Building package 'Assignment1' with the following arguments: {'ament_cmake_args': None, 'build_base': '/home/ubuntu/Desktop/Research_Track_I/build/Assignment1', 'catkin_cmake_args': None, 'catkin_skip_building_tests': False, 'cmake_args': None, 'cmake_clean_cache': False, 'cmake_clean_first': False, 'cmake_force_configure': False, 'cmake_target': None, 'cmake_target_skip_unavailable': False, 'install_base': '/home/ubuntu/Desktop/Research_Track_I/install/Assignment1', 'merge_install': False, 'path': '/home/ubuntu/Desktop/Research_Track_I/src/Assignment1', 'symlink_install': False, 'test_result_base': None}
[1.108s] INFO:colcon.colcon_core.executor:Executing jobs using 'parallel' executor
[1.112s] DEBUG:colcon.colcon_parallel_executor.executor.parallel:run_until_complete
[1.113s] INFO:colcon.colcon_ros.task.ament_cmake.build:Building ROS package in '/home/ubuntu/Desktop/Research_Track_I/src/Assignment1' with build type 'ament_cmake'
[1.113s] INFO:colcon.colcon_cmake.task.cmake.build:Building CMake package in '/home/ubuntu/Desktop/Research_Track_I/src/Assignment1'
[1.133s] INFO:colcon.colcon_core.plugin_system:Skipping extension 'colcon_core.shell.bat': Not used on non-Windows systems
[1.133s] INFO:colcon.colcon_core.shell:Skip shell extension 'powershell' for command environment: Not usable outside of PowerShell
[1.134s] DEBUG:colcon.colcon_core.shell:Skip shell extension 'dsv' for command environment
[1.164s] DEBUG:colcon.colcon_core.event_handler.log_command:Invoking command in '/home/ubuntu/Desktop/Research_Track_I/build/Assignment1': CMAKE_PREFIX_PATH=${CMAKE_PREFIX_PATH}:/opt/ros/jazzy /usr/bin/cmake --build /home/ubuntu/Desktop/Research_Track_I/build/Assignment1 -- -j8 -l8
[16.658s] DEBUG:colcon.colcon_core.event_handler.log_command:Invoked command in '/home/ubuntu/Desktop/Research_Track_I/build/Assignment1' returned '0': CMAKE_PREFIX_PATH=${CMAKE_PREFIX_PATH}:/opt/ros/jazzy /usr/bin/cmake --build /home/ubuntu/Desktop/Research_Track_I/build/Assignment1 -- -j8 -l8
[16.696s] DEBUG:colcon.colcon_core.event_handler.log_command:Invoking command in '/home/ubuntu/Desktop/Research_Track_I/build/Assignment1': CMAKE_PREFIX_PATH=${CMAKE_PREFIX_PATH}:/opt/ros/jazzy /usr/bin/cmake --install /home/ubuntu/Desktop/Research_Track_I/build/Assignment1
[16.756s] Level 1:colcon.colcon_core.environment:create_environment_scripts_only(Assignment1)
[16.757s] DEBUG:colcon.colcon_core.event_handler.log_command:Invoked command in '/home/ubuntu/Desktop/Research_Track_I/build/Assignment1' returned '0': CMAKE_PREFIX_PATH=${CMAKE_PREFIX_PATH}:/opt/ros/jazzy /usr/bin/cmake --install /home/ubuntu/Desktop/Research_Track_I/build/Assignment1
[16.777s] Level 1:colcon.colcon_core.environment:checking '/home/ubuntu/Desktop/Research_Track_I/install/Assignment1' for CMake module files
[16.778s] Level 1:colcon.colcon_core.environment:checking '/home/ubuntu/Desktop/Research_Track_I/install/Assignment1' for CMake config files
[16.779s] Level 1:colcon.colcon_core.shell:create_environment_hook('Assignment1', 'cmake_prefix_path')
[16.779s] INFO:colcon.colcon_core.shell:Creating environment hook '/home/ubuntu/Desktop/Research_Track_I/install/Assignment1/share/Assignment1/hook/cmake_prefix_path.ps1'
[16.781s] INFO:colcon.colcon_core.shell:Creating environment descriptor '/home/ubuntu/Desktop/Research_Track_I/install/Assignment1/share/Assignment1/hook/cmake_prefix_path.dsv'
[16.782s] INFO:colcon.colcon_core.shell:Creating environment hook '/home/ubuntu/Desktop/Research_Track_I/install/Assignment1/share/Assignment1/hook/cmake_prefix_path.sh'
[16.784s] Level 1:colcon.colcon_core.environment:checking '/home/ubuntu/Desktop/Research_Track_I/install/Assignment1/lib'
[16.784s] Level 1:colcon.colcon_core.environment:checking '/home/ubuntu/Desktop/Research_Track_I/install/Assignment1/bin'
[16.784s] Level 1:colcon.colcon_core.environment:checking '/home/ubuntu/Desktop/Research_Track_I/install/Assignment1/lib/pkgconfig/Assignment1.pc'
[16.784s] Level 1:colcon.colcon_core.environment:checking '/home/ubuntu/Desktop/Research_Track_I/install/Assignment1/lib/python3.12/site-packages'
[16.785s] Level 1:colcon.colcon_core.environment:checking '/home/ubuntu/Desktop/Research_Track_I/install/Assignment1/bin'
[16.785s] INFO:colcon.colcon_core.shell:Creating package script '/home/ubuntu/Desktop/Research_Track_I/install/Assignment1/share/Assignment1/package.ps1'
[16.787s] INFO:colcon.colcon_core.shell:Creating package descriptor '/home/ubuntu/Desktop/Research_Track_I/install/Assignment1/share/Assignment1/package.dsv'
[16.788s] INFO:colcon.colcon_core.shell:Creating package script '/home/ubuntu/Desktop/Research_Track_I/install/Assignment1/share/Assignment1/package.sh'
[16.789s] INFO:colcon.colcon_core.shell:Creating package script '/home/ubuntu/Desktop/Research_Track_I/install/Assignment1/share/Assignment1/package.bash'
[16.790s] INFO:colcon.colcon_core.shell:Creating package script '/home/ubuntu/Desktop/Research_Track_I/install/Assignment1/share/Assignment1/package.zsh'
[16.792s] Level 1:colcon.colcon_core.environment:create_file_with_runtime_dependencies(/home/ubuntu/Desktop/Research_Track_I/install/Assignment1/share/colcon-core/packages/Assignment1)
[16.794s] Level 1:colcon.colcon_core.environment:create_environment_scripts_only(Assignment1)
[16.794s] Level 1:colcon.colcon_core.environment:checking '/home/ubuntu/Desktop/Research_Track_I/install/Assignment1' for CMake module files
[16.795s] Level 1:colcon.colcon_core.environment:checking '/home/ubuntu/Desktop/Research_Track_I/install/Assignment1' for CMake config files
[16.795s] Level 1:colcon.colcon_core.shell:create_environment_hook('Assignment1', 'cmake_prefix_path')
[16.796s] INFO:colcon.colcon_core.shell:Creating environment hook '/home/ubuntu/Desktop/Research_Track_I/install/Assignment1/share/Assignment1/hook/cmake_prefix_path.ps1'
[16.797s] INFO:colcon.colcon_core.shell:Creating environment descriptor '/home/ubuntu/Desktop/Research_Track_I/install/Assignment1/share/Assignment1/hook/cmake_prefix_path.dsv'
[16.797s] INFO:colcon.colcon_core.shell:Creating environment hook '/home/ubuntu/Desktop/Research_Track_I/install/Assignment1/share/Assignment1/hook/cmake_prefix_path.sh'
[16.798s] Level 1:colcon.colcon_core.environment:checking '/home/ubuntu/Desktop/Research_Track_I/install/Assignment1/lib'
[16.799s] Level 1:colcon.colcon_core.environment:checking '/home/ubuntu/Desktop/Research_Track_I/install/Assignment1/bin'
[16.799s] Level 1:colcon.colcon_core.environment:checking '/home/ubuntu/Desktop/Research_Track_I/install/Assignment1/lib/pkgconfig/Assignment1.pc'
[16.799s] Level 1:colcon.colcon_core.environment:checking '/home/ubuntu/Desktop/Research_Track_I/install/Assignment1/lib/python3.12/site-packages'
[16.799s] Level 1:colcon.colcon_core.environment:checking '/home/ubuntu/Desktop/Research_Track_I/install/Assignment1/bin'
[16.800s] INFO:colcon.colcon_core.shell:Creating package script '/home/ubuntu/Desktop/Research_Track_I/install/Assignment1/share/Assignment1/package.ps1'
[16.800s] INFO:colcon.colcon_core.shell:Creating package descriptor '/home/ubuntu/Desktop/Research_Track_I/install/Assignment1/share/Assignment1/package.dsv'
[16.801s] INFO:colcon.colcon_core.shell:Creating package script '/home/ubuntu/Desktop/Research_Track_I/install/Assignment1/share/Assignment1/package.sh'
[16.802s] INFO:colcon.colcon_core.shell:Creating package script '/home/ubuntu/Desktop/Research_Track_I/install/Assignment1/share/Assignment1/package.bash'
[16.802s] INFO:colcon.colcon_core.shell:Creating package script '/home/ubuntu/Desktop/Research_Track_I/install/Assignment1/share/Assignment1/package.zsh'
[16.803s] Level 1:colcon.colcon_core.environment:create_file_with_runtime_dependencies(/home/ubuntu/Desktop/Research_Track_I/install/Assignment1/share/colcon-core/packages/Assignment1)
[16.803s] DEBUG:colcon.colcon_parallel_executor.executor.parallel:closing loop
[16.804s] DEBUG:colcon.colcon_parallel_executor.executor.parallel:loop closed
[16.805s] DEBUG:colcon.colcon_parallel_executor.executor.parallel:run_until_complete finished with '0'
[16.806s] DEBUG:colcon.colcon_core.event_reactor:joining thread
[16.820s] INFO:colcon.colcon_core.plugin_system:Skipping extension 'colcon_notification.desktop_notification.terminal_notifier': Not used on non-Darwin systems
[16.820s] INFO:colcon.colcon_core.plugin_system:Skipping extension 'colcon_notification.desktop_notification.win32': Not used on non-Windows systems
[16.821s] INFO:colcon.colcon_notification.desktop_notification:Sending desktop notification using 'notify2'
[17.116s] DEBUG:colcon.colcon_core.event_reactor:joined thread
[17.117s] INFO:colcon.colcon_core.shell:Creating prefix script '/home/ubuntu/Desktop/Research_Track_I/install/local_setup.ps1'
[17.119s] INFO:colcon.colcon_core.shell:Creating prefix util module '/home/ubuntu/Desktop/Research_Track_I/install/_local_setup_util_ps1.py'
[17.120s] INFO:colcon.colcon_core.shell:Creating prefix chain script '/home/ubuntu/Desktop/Research_Track_I/install/setup.ps1'
[17.123s] INFO:colcon.colcon_core.shell:Creating prefix script '/home/ubuntu/Desktop/Research_Track_I/install/local_setup.sh'
[17.124s] INFO:colcon.colcon_core.shell:Creating prefix util module '/home/ubuntu/Desktop/Research_Track_I/install/_local_setup_util_sh.py'
[17.127s] INFO:colcon.colcon_core.shell:Creating prefix chain script '/home/ubuntu/Desktop/Research_Track_I/install/setup.sh'
[17.129s] INFO:colcon.colcon_core.shell:Creating prefix script '/home/ubuntu/Desktop/Research_Track_I/install/local_setup.bash'
[17.130s] INFO:colcon.colcon_core.shell:Creating prefix chain script '/home/ubuntu/Desktop/Research_Track_I/install/setup.bash'
[17.132s] INFO:colcon.colcon_core.shell:Creating prefix script '/home/ubuntu/Desktop/Research_Track_I/install/local_setup.zsh'
[17.133s] INFO:colcon.colcon_core.shell:Creating prefix chain script '/home/ubuntu/Desktop/Research_Track_I/install/setup.zsh'
