[0.116s] DEBUG:colcon:Command line arguments: ['/usr/bin/colcon', 'build']
[0.116s] DEBUG:colcon:Parsed command line arguments: Namespace(log_base=None, log_level=None, verb_name='build', build_base='build', install_base='install', merge_install=False, symlink_install=False, test_result_base=None, continue_on_error=False, executor='parallel', parallel_workers=8, event_handlers=None, ignore_user_meta=False, metas=['./colcon.meta'], base_paths=['.'], packages_ignore=None, packages_ignore_regex=None, paths=None, packages_up_to=None, packages_up_to_regex=None, packages_above=None, packages_above_and_dependencies=None, packages_above_depth=None, packages_select_by_dep=None, packages_skip_by_dep=None, packages_skip_up_to=None, packages_select_build_failed=False, packages_skip_build_finished=False, packages_select_test_failures=False, packages_skip_test_passed=False, packages_select=None, packages_skip=None, packages_select_regex=None, packages_skip_regex=None, packages_start=None, packages_end=None, allow_overriding=[], cmake_args=None, cmake_target=None, cmake_target_skip_unavailable=False, cmake_clean_cache=False, cmake_clean_first=False, cmake_force_configure=False, ament_cmake_args=None, catkin_cmake_args=None, catkin_skip_building_tests=False, verb_parser=<colcon_defaults.argument_parser.defaults.DefaultArgumentsDecorator object at 0x7c34c7d6f800>, verb_extension=<colcon_core.verb.build.BuildVerb object at 0x7c34c7f20350>, main=<bound method BuildVerb.main of <colcon_core.verb.build.BuildVerb object at 0x7c34c7f20350>>)
[0.154s] Level 1:colcon.colcon_core.package_discovery:discover_packages(colcon_meta) check parameters
[0.154s] Level 1:colcon.colcon_core.package_discovery:discover_packages(recursive) check parameters
[0.154s] Level 1:colcon.colcon_core.package_discovery:discover_packages(ignore) check parameters
[0.154s] Level 1:colcon.colcon_core.package_discovery:discover_packages(path) check parameters
[0.154s] Level 1:colcon.colcon_core.package_discovery:discover_packages(colcon_meta) discover
[0.154s] Level 1:colcon.colcon_core.package_discovery:discover_packages(recursive) discover
[0.154s] INFO:colcon.colcon_core.package_discovery:Crawling recursively for packages in '/home/ubuntu/Desktop/Research_Track_I'
[0.154s] Level 1:colcon.colcon_core.package_identification:_identify(.) by extensions ['ignore', 'ignore_ament_install']
[0.154s] Level 1:colcon.colcon_core.package_identification:_identify(.) by extension 'ignore'
[0.155s] Level 1:colcon.colcon_core.package_identification:_identify(.) by extension 'ignore_ament_install'
[0.155s] Level 1:colcon.colcon_core.package_identification:_identify(.) by extensions ['colcon_pkg']
[0.155s] Level 1:colcon.colcon_core.package_identification:_identify(.) by extension 'colcon_pkg'
[0.155s] Level 1:colcon.colcon_core.package_identification:_identify(.) by extensions ['colcon_meta']
[0.155s] Level 1:colcon.colcon_core.package_identification:_identify(.) by extension 'colcon_meta'
[0.155s] Level 1:colcon.colcon_core.package_identification:_identify(.) by extensions ['ros']
[0.155s] Level 1:colcon.colcon_core.package_identification:_identify(.) by extension 'ros'
[0.177s] Level 1:colcon.colcon_core.package_identification:_identify(.) by extensions ['cmake', 'python']
[0.177s] Level 1:colcon.colcon_core.package_identification:_identify(.) by extension 'cmake'
[0.177s] Level 1:colcon.colcon_core.package_identification:_identify(.) by extension 'python'
[0.177s] Level 1:colcon.colcon_core.package_identification:_identify(.) by extensions ['python_setup_py']
[0.177s] Level 1:colcon.colcon_core.package_identification:_identify(.) by extension 'python_setup_py'
[0.177s] Level 1:colcon.colcon_core.package_identification:_identify(build) by extensions ['ignore', 'ignore_ament_install']
[0.177s] Level 1:colcon.colcon_core.package_identification:_identify(build) by extension 'ignore'
[0.177s] Level 1:colcon.colcon_core.package_identification:_identify(build) ignored
[0.177s] Level 1:colcon.colcon_core.package_identification:_identify(install) by extensions ['ignore', 'ignore_ament_install']
[0.177s] Level 1:colcon.colcon_core.package_identification:_identify(install) by extension 'ignore'
[0.177s] Level 1:colcon.colcon_core.package_identification:_identify(install) ignored
[0.178s] Level 1:colcon.colcon_core.package_identification:_identify(log) by extensions ['ignore', 'ignore_ament_install']
[0.178s] Level 1:colcon.colcon_core.package_identification:_identify(log) by extension 'ignore'
[0.178s] Level 1:colcon.colcon_core.package_identification:_identify(log) ignored
[0.178s] Level 1:colcon.colcon_core.package_identification:_identify(src) by extensions ['ignore', 'ignore_ament_install']
[0.178s] Level 1:colcon.colcon_core.package_identification:_identify(src) by extension 'ignore'
[0.178s] Level 1:colcon.colcon_core.package_identification:_identify(src) by extension 'ignore_ament_install'
[0.178s] Level 1:colcon.colcon_core.package_identification:_identify(src) by extensions ['colcon_pkg']
[0.178s] Level 1:colcon.colcon_core.package_identification:_identify(src) by extension 'colcon_pkg'
[0.178s] Level 1:colcon.colcon_core.package_identification:_identify(src) by extensions ['colcon_meta']
[0.178s] Level 1:colcon.colcon_core.package_identification:_identify(src) by extension 'colcon_meta'
[0.178s] Level 1:colcon.colcon_core.package_identification:_identify(src) by extensions ['ros']
[0.178s] Level 1:colcon.colcon_core.package_identification:_identify(src) by extension 'ros'
[0.178s] Level 1:colcon.colcon_core.package_identification:_identify(src) by extensions ['cmake', 'python']
[0.178s] Level 1:colcon.colcon_core.package_identification:_identify(src) by extension 'cmake'
[0.178s] Level 1:colcon.colcon_core.package_identification:_identify(src) by extension 'python'
[0.178s] Level 1:colcon.colcon_core.package_identification:_identify(src) by extensions ['python_setup_py']
[0.178s] Level 1:colcon.colcon_core.package_identification:_identify(src) by extension 'python_setup_py'
[0.178s] Level 1:colcon.colcon_core.package_identification:_identify(src/Assignment1) by extensions ['ignore', 'ignore_ament_install']
[0.178s] Level 1:colcon.colcon_core.package_identification:_identify(src/Assignment1) by extension 'ignore'
[0.178s] Level 1:colcon.colcon_core.package_identification:_identify(src/Assignment1) by extension 'ignore_ament_install'
[0.179s] Level 1:colcon.colcon_core.package_identification:_identify(src/Assignment1) by extensions ['colcon_pkg']
[0.179s] Level 1:colcon.colcon_core.package_identification:_identify(src/Assignment1) by extension 'colcon_pkg'
[0.179s] Level 1:colcon.colcon_core.package_identification:_identify(src/Assignment1) by extensions ['colcon_meta']
[0.179s] Level 1:colcon.colcon_core.package_identification:_identify(src/Assignment1) by extension 'colcon_meta'
[0.179s] Level 1:colcon.colcon_core.package_identification:_identify(src/Assignment1) by extensions ['ros']
[0.179s] Level 1:colcon.colcon_core.package_identification:_identify(src/Assignment1) by extension 'ros'
[0.182s] DEBUG:colcon.colcon_core.package_identification:Package 'src/Assignment1' with type 'ros.ament_cmake' and name 'Assignment1'
[0.182s] Level 1:colcon.colcon_core.package_discovery:discover_packages(recursive) using defaults
[0.182s] Level 1:colcon.colcon_core.package_discovery:discover_packages(ignore) discover
[0.182s] Level 1:colcon.colcon_core.package_discovery:discover_packages(ignore) using defaults
[0.182s] Level 1:colcon.colcon_core.package_discovery:discover_packages(path) discover
[0.182s] Level 1:colcon.colcon_core.package_discovery:discover_packages(path) using defaults
[0.199s] Level 1:colcon.colcon_core.package_discovery:discover_packages(prefix_path) check parameters
[0.200s] Level 1:colcon.colcon_core.package_discovery:discover_packages(prefix_path) discover
[0.201s] DEBUG:colcon.colcon_installed_package_information.package_discovery:Found 1 installed packages in /home/ubuntu/Desktop/Research_Track_I/install
[0.203s] DEBUG:colcon.colcon_installed_package_information.package_discovery:Found 315 installed packages in /opt/ros/jazzy
[0.203s] Level 1:colcon.colcon_core.package_discovery:discover_packages(prefix_path) using defaults
[0.248s] Level 5:colcon.colcon_core.verb:set package 'Assignment1' build argument 'cmake_args' from command line to 'None'
[0.248s] Level 5:colcon.colcon_core.verb:set package 'Assignment1' build argument 'cmake_target' from command line to 'None'
[0.248s] Level 5:colcon.colcon_core.verb:set package 'Assignment1' build argument 'cmake_target_skip_unavailable' from command line to 'False'
[0.248s] Level 5:colcon.colcon_core.verb:set package 'Assignment1' build argument 'cmake_clean_cache' from command line to 'False'
[0.248s] Level 5:colcon.colcon_core.verb:set package 'Assignment1' build argument 'cmake_clean_first' from command line to 'False'
[0.248s] Level 5:colcon.colcon_core.verb:set package 'Assignment1' build argument 'cmake_force_configure' from command line to 'False'
[0.248s] Level 5:colcon.colcon_core.verb:set package 'Assignment1' build argument 'ament_cmake_args' from command line to 'None'
[0.248s] Level 5:colcon.colcon_core.verb:set package 'Assignment1' build argument 'catkin_cmake_args' from command line to 'None'
[0.248s] Level 5:colcon.colcon_core.verb:set package 'Assignment1' build argument 'catkin_skip_building_tests' from command line to 'False'
[0.248s] DEBUG:colcon.colcon_core.verb:Building package 'Assignment1' with the following arguments: {'ament_cmake_args': None, 'build_base': '/home/ubuntu/Desktop/Research_Track_I/build/Assignment1', 'catkin_cmake_args': None, 'catkin_skip_building_tests': False, 'cmake_args': None, 'cmake_clean_cache': False, 'cmake_clean_first': False, 'cmake_force_configure': False, 'cmake_target': None, 'cmake_target_skip_unavailable': False, 'install_base': '/home/ubuntu/Desktop/Research_Track_I/install/Assignment1', 'merge_install': False, 'path': '/home/ubuntu/Desktop/Research_Track_I/src/Assignment1', 'symlink_install': False, 'test_result_base': None}
[0.248s] INFO:colcon.colcon_core.executor:Executing jobs using 'parallel' executor
[0.249s] DEBUG:colcon.colcon_parallel_executor.executor.parallel:run_until_complete
[0.249s] INFO:colcon.colcon_ros.task.ament_cmake.build:Building ROS package in '/home/ubuntu/Desktop/Research_Track_I/src/Assignment1' with build type 'ament_cmake'
[0.250s] INFO:colcon.colcon_cmake.task.cmake.build:Building CMake package in '/home/ubuntu/Desktop/Research_Track_I/src/Assignment1'
[0.252s] INFO:colcon.colcon_core.plugin_system:Skipping extension 'colcon_core.shell.bat': Not used on non-Windows systems
[0.252s] INFO:colcon.colcon_core.shell:Skip shell extension 'powershell' for command environment: Not usable outside of PowerShell
[0.252s] DEBUG:colcon.colcon_core.shell:Skip shell extension 'dsv' for command environment
[0.264s] DEBUG:colcon.colcon_core.event_handler.log_command:Invoking command in '/home/ubuntu/Desktop/Research_Track_I/build/Assignment1': CMAKE_PREFIX_PATH=${CMAKE_PREFIX_PATH}:/opt/ros/jazzy /usr/bin/cmake --build /home/ubuntu/Desktop/Research_Track_I/build/Assignment1 -- -j8 -l8
[5.950s] DEBUG:colcon.colcon_core.event_handler.log_command:Invoked command in '/home/ubuntu/Desktop/Research_Track_I/build/Assignment1' returned '0': CMAKE_PREFIX_PATH=${CMAKE_PREFIX_PATH}:/opt/ros/jazzy /usr/bin/cmake --build /home/ubuntu/Desktop/Research_Track_I/build/Assignment1 -- -j8 -l8
[5.967s] DEBUG:colcon.colcon_core.event_handler.log_command:Invoking command in '/home/ubuntu/Desktop/Research_Track_I/build/Assignment1': CMAKE_PREFIX_PATH=${CMAKE_PREFIX_PATH}:/opt/ros/jazzy /usr/bin/cmake --install /home/ubuntu/Desktop/Research_Track_I/build/Assignment1
[5.990s] Level 1:colcon.colcon_core.environment:create_environment_scripts_only(Assignment1)
[6.133s] Level 1:colcon.colcon_core.environment:checking '/home/ubuntu/Desktop/Research_Track_I/install/Assignment1' for CMake module files
[6.134s] Level 1:colcon.colcon_core.environment:checking '/home/ubuntu/Desktop/Research_Track_I/install/Assignment1' for CMake config files
[6.135s] DEBUG:colcon.colcon_core.event_handler.log_command:Invoked command in '/home/ubuntu/Desktop/Research_Track_I/build/Assignment1' returned '0': CMAKE_PREFIX_PATH=${CMAKE_PREFIX_PATH}:/opt/ros/jazzy /usr/bin/cmake --install /home/ubuntu/Desktop/Research_Track_I/build/Assignment1
[6.135s] Level 1:colcon.colcon_core.shell:create_environment_hook('Assignment1', 'cmake_prefix_path')
[6.136s] INFO:colcon.colcon_core.shell:Creating environment hook '/home/ubuntu/Desktop/Research_Track_I/install/Assignment1/share/Assignment1/hook/cmake_prefix_path.ps1'
[6.138s] INFO:colcon.colcon_core.shell:Creating environment descriptor '/home/ubuntu/Desktop/Research_Track_I/install/Assignment1/share/Assignment1/hook/cmake_prefix_path.dsv'
[6.140s] INFO:colcon.colcon_core.shell:Creating environment hook '/home/ubuntu/Desktop/Research_Track_I/install/Assignment1/share/Assignment1/hook/cmake_prefix_path.sh'
[6.144s] Level 1:colcon.colcon_core.environment:checking '/home/ubuntu/Desktop/Research_Track_I/install/Assignment1/lib'
[6.144s] Level 1:colcon.colcon_core.environment:checking '/home/ubuntu/Desktop/Research_Track_I/install/Assignment1/bin'
[6.144s] Level 1:colcon.colcon_core.environment:checking '/home/ubuntu/Desktop/Research_Track_I/install/Assignment1/lib/pkgconfig/Assignment1.pc'
[6.144s] Level 1:colcon.colcon_core.environment:checking '/home/ubuntu/Desktop/Research_Track_I/install/Assignment1/lib/python3.12/site-packages'
[6.145s] Level 1:colcon.colcon_core.environment:checking '/home/ubuntu/Desktop/Research_Track_I/install/Assignment1/bin'
[6.145s] INFO:colcon.colcon_core.shell:Creating package script '/home/ubuntu/Desktop/Research_Track_I/install/Assignment1/share/Assignment1/package.ps1'
[6.146s] INFO:colcon.colcon_core.shell:Creating package descriptor '/home/ubuntu/Desktop/Research_Track_I/install/Assignment1/share/Assignment1/package.dsv'
[6.147s] INFO:colcon.colcon_core.shell:Creating package script '/home/ubuntu/Desktop/Research_Track_I/install/Assignment1/share/Assignment1/package.sh'
[6.147s] INFO:colcon.colcon_core.shell:Creating package script '/home/ubuntu/Desktop/Research_Track_I/install/Assignment1/share/Assignment1/package.bash'
[6.148s] INFO:colcon.colcon_core.shell:Creating package script '/home/ubuntu/Desktop/Research_Track_I/install/Assignment1/share/Assignment1/package.zsh'
[6.149s] Level 1:colcon.colcon_core.environment:create_file_with_runtime_dependencies(/home/ubuntu/Desktop/Research_Track_I/install/Assignment1/share/colcon-core/packages/Assignment1)
[6.150s] Level 1:colcon.colcon_core.environment:create_environment_scripts_only(Assignment1)
[6.150s] Level 1:colcon.colcon_core.environment:checking '/home/ubuntu/Desktop/Research_Track_I/install/Assignment1' for CMake module files
[6.151s] Level 1:colcon.colcon_core.environment:checking '/home/ubuntu/Desktop/Research_Track_I/install/Assignment1' for CMake config files
[6.151s] Level 1:colcon.colcon_core.shell:create_environment_hook('Assignment1', 'cmake_prefix_path')
[6.152s] INFO:colcon.colcon_core.shell:Creating environment hook '/home/ubuntu/Desktop/Research_Track_I/install/Assignment1/share/Assignment1/hook/cmake_prefix_path.ps1'
[6.153s] INFO:colcon.colcon_core.shell:Creating environment descriptor '/home/ubuntu/Desktop/Research_Track_I/install/Assignment1/share/Assignment1/hook/cmake_prefix_path.dsv'
[6.156s] INFO:colcon.colcon_core.shell:Creating environment hook '/home/ubuntu/Desktop/Research_Track_I/install/Assignment1/share/Assignment1/hook/cmake_prefix_path.sh'
[6.157s] Level 1:colcon.colcon_core.environment:checking '/home/ubuntu/Desktop/Research_Track_I/install/Assignment1/lib'
[6.158s] Level 1:colcon.colcon_core.environment:checking '/home/ubuntu/Desktop/Research_Track_I/install/Assignment1/bin'
[6.159s] Level 1:colcon.colcon_core.environment:checking '/home/ubuntu/Desktop/Research_Track_I/install/Assignment1/lib/pkgconfig/Assignment1.pc'
[6.160s] Level 1:colcon.colcon_core.environment:checking '/home/ubuntu/Desktop/Research_Track_I/install/Assignment1/lib/python3.12/site-packages'
[6.160s] Level 1:colcon.colcon_core.environment:checking '/home/ubuntu/Desktop/Research_Track_I/install/Assignment1/bin'
[6.161s] INFO:colcon.colcon_core.shell:Creating package script '/home/ubuntu/Desktop/Research_Track_I/install/Assignment1/share/Assignment1/package.ps1'
[6.162s] INFO:colcon.colcon_core.shell:Creating package descriptor '/home/ubuntu/Desktop/Research_Track_I/install/Assignment1/share/Assignment1/package.dsv'
[6.163s] INFO:colcon.colcon_core.shell:Creating package script '/home/ubuntu/Desktop/Research_Track_I/install/Assignment1/share/Assignment1/package.sh'
[6.164s] INFO:colcon.colcon_core.shell:Creating package script '/home/ubuntu/Desktop/Research_Track_I/install/Assignment1/share/Assignment1/package.bash'
[6.165s] INFO:colcon.colcon_core.shell:Creating package script '/home/ubuntu/Desktop/Research_Track_I/install/Assignment1/share/Assignment1/package.zsh'
[6.166s] Level 1:colcon.colcon_core.environment:create_file_with_runtime_dependencies(/home/ubuntu/Desktop/Research_Track_I/install/Assignment1/share/colcon-core/packages/Assignment1)
[6.167s] DEBUG:colcon.colcon_parallel_executor.executor.parallel:closing loop
[6.168s] DEBUG:colcon.colcon_parallel_executor.executor.parallel:loop closed
[6.168s] DEBUG:colcon.colcon_parallel_executor.executor.parallel:run_until_complete finished with '0'
[6.168s] DEBUG:colcon.colcon_core.event_reactor:joining thread
[6.178s] INFO:colcon.colcon_core.plugin_system:Skipping extension 'colcon_notification.desktop_notification.terminal_notifier': Not used on non-Darwin systems
[6.179s] INFO:colcon.colcon_core.plugin_system:Skipping extension 'colcon_notification.desktop_notification.win32': Not used on non-Windows systems
[6.180s] INFO:colcon.colcon_notification.desktop_notification:Sending desktop notification using 'notify2'
[6.364s] DEBUG:colcon.colcon_core.event_reactor:joined thread
[6.365s] INFO:colcon.colcon_core.shell:Creating prefix script '/home/ubuntu/Desktop/Research_Track_I/install/local_setup.ps1'
[6.366s] INFO:colcon.colcon_core.shell:Creating prefix util module '/home/ubuntu/Desktop/Research_Track_I/install/_local_setup_util_ps1.py'
[6.367s] INFO:colcon.colcon_core.shell:Creating prefix chain script '/home/ubuntu/Desktop/Research_Track_I/install/setup.ps1'
[6.368s] INFO:colcon.colcon_core.shell:Creating prefix script '/home/ubuntu/Desktop/Research_Track_I/install/local_setup.sh'
[6.369s] INFO:colcon.colcon_core.shell:Creating prefix util module '/home/ubuntu/Desktop/Research_Track_I/install/_local_setup_util_sh.py'
[6.369s] INFO:colcon.colcon_core.shell:Creating prefix chain script '/home/ubuntu/Desktop/Research_Track_I/install/setup.sh'
[6.370s] INFO:colcon.colcon_core.shell:Creating prefix script '/home/ubuntu/Desktop/Research_Track_I/install/local_setup.bash'
[6.371s] INFO:colcon.colcon_core.shell:Creating prefix chain script '/home/ubuntu/Desktop/Research_Track_I/install/setup.bash'
[6.372s] INFO:colcon.colcon_core.shell:Creating prefix script '/home/ubuntu/Desktop/Research_Track_I/install/local_setup.zsh'
[6.372s] INFO:colcon.colcon_core.shell:Creating prefix chain script '/home/ubuntu/Desktop/Research_Track_I/install/setup.zsh'
