[0.019s] Invoking command in '/home/ubuntu/Desktop/Research_Track_I/build/Assignment1': CMAKE_PREFIX_PATH=${CMAKE_PREFIX_PATH}:/opt/ros/jazzy /usr/bin/cmake --build /home/ubuntu/Desktop/Research_Track_I/build/Assignment1 -- -j8 -l8
[0.242s] [ 50%] [32mBuilding CXX object CMakeFiles/node1.dir/src/node1.cpp.o[0m
[8.779s] [100%] [32m[1mLinking CXX executable node1[0m
[9.109s] [100%] Built target node1
[9.122s] Invoked command in '/home/ubuntu/Desktop/Research_Track_I/build/Assignment1' returned '0': CMAKE_PREFIX_PATH=${CMAKE_PREFIX_PATH}:/opt/ros/jazzy /usr/bin/cmake --build /home/ubuntu/Desktop/Research_Track_I/build/Assignment1 -- -j8 -l8
[9.136s] Invoking command in '/home/ubuntu/Desktop/Research_Track_I/build/Assignment1': CMAKE_PREFIX_PATH=${CMAKE_PREFIX_PATH}:/opt/ros/jazzy /usr/bin/cmake --install /home/ubuntu/Desktop/Research_Track_I/build/Assignment1
[9.151s] -- Install configuration: ""
[9.154s] -- Installing: /home/ubuntu/Desktop/Research_Track_I/install/Assignment1/lib/Assignment1/node1
[9.164s] -- Set non-toolchain portion of runtime path of "/home/ubuntu/Desktop/Research_Track_I/install/Assignment1/lib/Assignment1/node1" to ""
[9.164s] -- Up-to-date: /home/ubuntu/Desktop/Research_Track_I/install/Assignment1/share/ament_index/resource_index/package_run_dependencies/Assignment1
[9.165s] -- Up-to-date: /home/ubuntu/Desktop/Research_Track_I/install/Assignment1/share/ament_index/resource_index/parent_prefix_path/Assignment1
[9.165s] -- Up-to-date: /home/ubuntu/Desktop/Research_Track_I/install/Assignment1/share/Assignment1/environment/ament_prefix_path.sh
[9.165s] -- Up-to-date: /home/ubuntu/Desktop/Research_Track_I/install/Assignment1/share/Assignment1/environment/ament_prefix_path.dsv
[9.166s] -- Up-to-date: /home/ubuntu/Desktop/Research_Track_I/install/Assignment1/share/Assignment1/environment/path.sh
[9.166s] -- Up-to-date: /home/ubuntu/Desktop/Research_Track_I/install/Assignment1/share/Assignment1/environment/path.dsv
[9.166s] -- Up-to-date: /home/ubuntu/Desktop/Research_Track_I/install/Assignment1/share/Assignment1/local_setup.bash
[9.166s] -- Up-to-date: /home/ubuntu/Desktop/Research_Track_I/install/Assignment1/share/Assignment1/local_setup.sh
[9.166s] -- Up-to-date: /home/ubuntu/Desktop/Research_Track_I/install/Assignment1/share/Assignment1/local_setup.zsh
[9.166s] -- Up-to-date: /home/ubuntu/Desktop/Research_Track_I/install/Assignment1/share/Assignment1/local_setup.dsv
[9.166s] -- Installing: /home/ubuntu/Desktop/Research_Track_I/install/Assignment1/share/Assignment1/package.dsv
[9.167s] -- Up-to-date: /home/ubuntu/Desktop/Research_Track_I/install/Assignment1/share/ament_index/resource_index/packages/Assignment1
[9.167s] -- Up-to-date: /home/ubuntu/Desktop/Research_Track_I/install/Assignment1/share/Assignment1/cmake/Assignment1Config.cmake
[9.167s] -- Up-to-date: /home/ubuntu/Desktop/Research_Track_I/install/Assignment1/share/Assignment1/cmake/Assignment1Config-version.cmake
[9.168s] -- Up-to-date: /home/ubuntu/Desktop/Research_Track_I/install/Assignment1/share/Assignment1/package.xml
[9.171s] Invoked command in '/home/ubuntu/Desktop/Research_Track_I/build/Assignment1' returned '0': CMAKE_PREFIX_PATH=${CMAKE_PREFIX_PATH}:/opt/ros/jazzy /usr/bin/cmake --install /home/ubuntu/Desktop/Research_Track_I/build/Assignment1
