[0.019s] Invoking command in '/home/ubuntu/Desktop/Research_Track_I/build/Assignment1': CMAKE_PREFIX_PATH=${CMAKE_PREFIX_PATH}:/opt/ros/jazzy /usr/bin/cmake --build /home/ubuntu/Desktop/Research_Track_I/build/Assignment1 -- -j8 -l8
[0.089s] -- Found ament_cmake: 2.5.4 (/opt/ros/jazzy/share/ament_cmake/cmake)
[0.419s] -- Found rclcpp: 28.1.12 (/opt/ros/jazzy/share/rclcpp/cmake)
[0.526s] -- Found rosidl_generator_c: 4.6.6 (/opt/ros/jazzy/share/rosidl_generator_c/cmake)
[0.544s] -- Found rosidl_generator_cpp: 4.6.6 (/opt/ros/jazzy/share/rosidl_generator_cpp/cmake)
[0.572s] -- Using all available rosidl_typesupport_c: rosidl_typesupport_fastrtps_c;rosidl_typesupport_introspection_c
[0.598s] -- Using all available rosidl_typesupport_cpp: rosidl_typesupport_fastrtps_cpp;rosidl_typesupport_introspection_cpp
[0.712s] -- Found rmw_implementation_cmake: 7.3.2 (/opt/ros/jazzy/share/rmw_implementation_cmake/cmake)
[0.716s] -- Found rmw_fastrtps_cpp: 8.4.3 (/opt/ros/jazzy/share/rmw_fastrtps_cpp/cmake)
[0.818s] -- Using RMW implementation 'rmw_fastrtps_cpp' as default
[0.927s] -- Found geometry_msgs: 5.3.6 (/opt/ros/jazzy/share/geometry_msgs/cmake)
[0.982s] -- Found turtlesim: 1.8.3 (/opt/ros/jazzy/share/turtlesim/cmake)
[1.072s] -- Found ament_lint_auto: 0.17.3 (/opt/ros/jazzy/share/ament_lint_auto/cmake)
[1.148s] WARNING: Package name "Assignment1" does not follow the naming conventions. It should start with a lower case letter and only contain lower case letters, digits, underscores, and dashes.
[1.200s] -- Added test 'cppcheck' to perform static code analysis on C / C++ code
[1.200s] -- Configured cppcheck include dirs: 
[1.200s] -- Configured cppcheck exclude dirs and/or files: 
[1.204s] -- Added test 'lint_cmake' to check CMake code style
[1.205s] -- Added test 'uncrustify' to check C / C++ code style
[1.206s] -- Configured uncrustify additional arguments: 
[1.206s] -- Added test 'xmllint' to check XML markup files
[1.212s] -- Configuring done (1.2s)
[1.283s] -- Generating done (0.0s)
[1.298s] -- Build files have been written to: /home/ubuntu/Desktop/Research_Track_I/build/Assignment1
[1.342s] [ 25%] [32mBuilding CXX object CMakeFiles/node2.dir/src/node2.cpp.o[0m
[1.353s] [ 50%] [32mBuilding CXX object CMakeFiles/node1.dir/src/node1.cpp.o[0m
[15.554s] [ 75%] [32m[1mLinking CXX executable node1[0m
[16.182s] [ 75%] Built target node1
[21.385s] [100%] [32m[1mLinking CXX executable node2[0m
[21.834s] [100%] Built target node2
[21.880s] Invoked command in '/home/ubuntu/Desktop/Research_Track_I/build/Assignment1' returned '0': CMAKE_PREFIX_PATH=${CMAKE_PREFIX_PATH}:/opt/ros/jazzy /usr/bin/cmake --build /home/ubuntu/Desktop/Research_Track_I/build/Assignment1 -- -j8 -l8
[21.909s] Invoking command in '/home/ubuntu/Desktop/Research_Track_I/build/Assignment1': CMAKE_PREFIX_PATH=${CMAKE_PREFIX_PATH}:/opt/ros/jazzy /usr/bin/cmake --install /home/ubuntu/Desktop/Research_Track_I/build/Assignment1
[21.925s] -- Install configuration: ""
[21.926s] -- Installing: /home/ubuntu/Desktop/Research_Track_I/install/Assignment1/lib/Assignment1/node1
[21.928s] -- Set non-toolchain portion of runtime path of "/home/ubuntu/Desktop/Research_Track_I/install/Assignment1/lib/Assignment1/node1" to ""
[21.928s] -- Installing: /home/ubuntu/Desktop/Research_Track_I/install/Assignment1/lib/Assignment1/node2
[21.935s] -- Set non-toolchain portion of runtime path of "/home/ubuntu/Desktop/Research_Track_I/install/Assignment1/lib/Assignment1/node2" to ""
[21.937s] -- Installing: /home/ubuntu/Desktop/Research_Track_I/install/Assignment1/share/ament_index/resource_index/package_run_dependencies/Assignment1
[21.938s] -- Up-to-date: /home/ubuntu/Desktop/Research_Track_I/install/Assignment1/share/ament_index/resource_index/parent_prefix_path/Assignment1
[21.943s] -- Up-to-date: /home/ubuntu/Desktop/Research_Track_I/install/Assignment1/share/Assignment1/environment/ament_prefix_path.sh
[21.943s] -- Up-to-date: /home/ubuntu/Desktop/Research_Track_I/install/Assignment1/share/Assignment1/environment/ament_prefix_path.dsv
[21.943s] -- Up-to-date: /home/ubuntu/Desktop/Research_Track_I/install/Assignment1/share/Assignment1/environment/path.sh
[21.944s] -- Up-to-date: /home/ubuntu/Desktop/Research_Track_I/install/Assignment1/share/Assignment1/environment/path.dsv
[21.944s] -- Up-to-date: /home/ubuntu/Desktop/Research_Track_I/install/Assignment1/share/Assignment1/local_setup.bash
[21.944s] -- Up-to-date: /home/ubuntu/Desktop/Research_Track_I/install/Assignment1/share/Assignment1/local_setup.sh
[21.944s] -- Up-to-date: /home/ubuntu/Desktop/Research_Track_I/install/Assignment1/share/Assignment1/local_setup.zsh
[21.944s] -- Up-to-date: /home/ubuntu/Desktop/Research_Track_I/install/Assignment1/share/Assignment1/local_setup.dsv
[21.944s] -- Installing: /home/ubuntu/Desktop/Research_Track_I/install/Assignment1/share/Assignment1/package.dsv
[21.944s] -- Up-to-date: /home/ubuntu/Desktop/Research_Track_I/install/Assignment1/share/ament_index/resource_index/packages/Assignment1
[21.944s] -- Up-to-date: /home/ubuntu/Desktop/Research_Track_I/install/Assignment1/share/Assignment1/cmake/Assignment1Config.cmake
[21.944s] -- Up-to-date: /home/ubuntu/Desktop/Research_Track_I/install/Assignment1/share/Assignment1/cmake/Assignment1Config-version.cmake
[21.944s] -- Installing: /home/ubuntu/Desktop/Research_Track_I/install/Assignment1/share/Assignment1/package.xml
[21.951s] Invoked command in '/home/ubuntu/Desktop/Research_Track_I/build/Assignment1' returned '0': CMAKE_PREFIX_PATH=${CMAKE_PREFIX_PATH}:/opt/ros/jazzy /usr/bin/cmake --install /home/ubuntu/Desktop/Research_Track_I/build/Assignment1
