[0.784s] DEBUG:colcon:Command line arguments: ['/usr/bin/colcon', 'build']
[0.784s] DEBUG:colcon:Parsed command line arguments: Namespace(log_base=None, log_level=None, verb_name='build', build_base='build', install_base='install', merge_install=False, symlink_install=False, test_result_base=None, continue_on_error=False, executor='parallel', parallel_workers=8, event_handlers=None, ignore_user_meta=False, metas=['./colcon.meta'], base_paths=['.'], packages_ignore=None, packages_ignore_regex=None, paths=None, packages_up_to=None, packages_up_to_regex=None, packages_above=None, packages_above_and_dependencies=None, packages_above_depth=None, packages_select_by_dep=None, packages_skip_by_dep=None, packages_skip_up_to=None, packages_select_build_failed=False, packages_skip_build_finished=False, packages_select_test_failures=False, packages_skip_test_passed=False, packages_select=None, packages_skip=None, packages_select_regex=None, packages_skip_regex=None, packages_start=None, packages_end=None, allow_overriding=[], cmake_args=None, cmake_target=None, cmake_target_skip_unavailable=False, cmake_clean_cache=False, cmake_clean_first=False, cmake_force_configure=False, ament_cmake_args=None, catkin_cmake_args=None, catkin_skip_building_tests=False, verb_parser=<colcon_defaults.argument_parser.defaults.DefaultArgumentsDecorator object at 0x7681e8d8f620>, verb_extension=<colcon_core.verb.build.BuildVerb object at 0x7681e8f92bd0>, main=<bound method BuildVerb.main of <colcon_core.verb.build.BuildVerb object at 0x7681e8f92bd0>>)
[0.971s] Level 1:colcon.colcon_core.package_discovery:discover_packages(colcon_meta) check parameters
[0.971s] Level 1:colcon.colcon_core.package_discovery:discover_packages(recursive) check parameters
[0.972s] Level 1:colcon.colcon_core.package_discovery:discover_packages(ignore) check parameters
[0.972s] Level 1:colcon.colcon_core.package_discovery:discover_packages(path) check parameters
[0.972s] Level 1:colcon.colcon_core.package_discovery:discover_packages(colcon_meta) discover
[0.972s] Level 1:colcon.colcon_core.package_discovery:discover_packages(recursive) discover
[0.972s] INFO:colcon.colcon_core.package_discovery:Crawling recursively for packages in '/home/ubuntu/Desktop/Research_Track_I'
[0.973s] Level 1:colcon.colcon_core.package_identification:_identify(.) by extensions ['ignore', 'ignore_ament_install']
[0.973s] Level 1:colcon.colcon_core.package_identification:_identify(.) by extension 'ignore'
[0.973s] Level 1:colcon.colcon_core.package_identification:_identify(.) by extension 'ignore_ament_install'
[0.973s] Level 1:colcon.colcon_core.package_identification:_identify(.) by extensions ['colcon_pkg']
[0.973s] Level 1:colcon.colcon_core.package_identification:_identify(.) by extension 'colcon_pkg'
[0.974s] Level 1:colcon.colcon_core.package_identification:_identify(.) by extensions ['colcon_meta']
[0.974s] Level 1:colcon.colcon_core.package_identification:_identify(.) by extension 'colcon_meta'
[0.974s] Level 1:colcon.colcon_core.package_identification:_identify(.) by extensions ['ros']
[0.974s] Level 1:colcon.colcon_core.package_identification:_identify(.) by extension 'ros'
[1.060s] Level 1:colcon.colcon_core.package_identification:_identify(.) by extensions ['cmake', 'python']
[1.061s] Level 1:colcon.colcon_core.package_identification:_identify(.) by extension 'cmake'
[1.061s] Level 1:colcon.colcon_core.package_identification:_identify(.) by extension 'python'
[1.061s] Level 1:colcon.colcon_core.package_identification:_identify(.) by extensions ['python_setup_py']
[1.061s] Level 1:colcon.colcon_core.package_identification:_identify(.) by extension 'python_setup_py'
[1.061s] Level 1:colcon.colcon_core.package_identification:_identify(build) by extensions ['ignore', 'ignore_ament_install']
[1.062s] Level 1:colcon.colcon_core.package_identification:_identify(build) by extension 'ignore'
[1.062s] Level 1:colcon.colcon_core.package_identification:_identify(build) ignored
[1.063s] Level 1:colcon.colcon_core.package_identification:_identify(install) by extensions ['ignore', 'ignore_ament_install']
[1.063s] Level 1:colcon.colcon_core.package_identification:_identify(install) by extension 'ignore'
[1.063s] Level 1:colcon.colcon_core.package_identification:_identify(install) ignored
[1.064s] Level 1:colcon.colcon_core.package_identification:_identify(log) by extensions ['ignore', 'ignore_ament_install']
[1.064s] Level 1:colcon.colcon_core.package_identification:_identify(log) by extension 'ignore'
[1.064s] Level 1:colcon.colcon_core.package_identification:_identify(log) ignored
[1.064s] Level 1:colcon.colcon_core.package_identification:_identify(src) by extensions ['ignore', 'ignore_ament_install']
[1.065s] Level 1:colcon.colcon_core.package_identification:_identify(src) by extension 'ignore'
[1.065s] Level 1:colcon.colcon_core.package_identification:_identify(src) by extension 'ignore_ament_install'
[1.065s] Level 1:colcon.colcon_core.package_identification:_identify(src) by extensions ['colcon_pkg']
[1.065s] Level 1:colcon.colcon_core.package_identification:_identify(src) by extension 'colcon_pkg'
[1.066s] Level 1:colcon.colcon_core.package_identification:_identify(src) by extensions ['colcon_meta']
[1.066s] Level 1:colcon.colcon_core.package_identification:_identify(src) by extension 'colcon_meta'
[1.066s] Level 1:colcon.colcon_core.package_identification:_identify(src) by extensions ['ros']
[1.066s] Level 1:colcon.colcon_core.package_identification:_identify(src) by extension 'ros'
[1.066s] Level 1:colcon.colcon_core.package_identification:_identify(src) by extensions ['cmake', 'python']
[1.066s] Level 1:colcon.colcon_core.package_identification:_identify(src) by extension 'cmake'
[1.066s] Level 1:colcon.colcon_core.package_identification:_identify(src) by extension 'python'
[1.066s] Level 1:colcon.colcon_core.package_identification:_identify(src) by extensions ['python_setup_py']
[1.067s] Level 1:colcon.colcon_core.package_identification:_identify(src) by extension 'python_setup_py'
[1.067s] Level 1:colcon.colcon_core.package_identification:_identify(src/Assignment1) by extensions ['ignore', 'ignore_ament_install']
[1.067s] Level 1:colcon.colcon_core.package_identification:_identify(src/Assignment1) by extension 'ignore'
[1.067s] Level 1:colcon.colcon_core.package_identification:_identify(src/Assignment1) by extension 'ignore_ament_install'
[1.067s] Level 1:colcon.colcon_core.package_identification:_identify(src/Assignment1) by extensions ['colcon_pkg']
[1.068s] Level 1:colcon.colcon_core.package_identification:_identify(src/Assignment1) by extension 'colcon_pkg'
[1.068s] Level 1:colcon.colcon_core.package_identification:_identify(src/Assignment1) by extensions ['colcon_meta']
[1.068s] Level 1:colcon.colcon_core.package_identification:_identify(src/Assignment1) by extension 'colcon_meta'
[1.068s] Level 1:colcon.colcon_core.package_identification:_identify(src/Assignment1) by extensions ['ros']
[1.068s] Level 1:colcon.colcon_core.package_identification:_identify(src/Assignment1) by extension 'ros'
[1.080s] DEBUG:colcon.colcon_core.package_identification:Package 'src/Assignment1' with type 'ros.ament_cmake' and name 'Assignment1'
[1.080s] Level 1:colcon.colcon_core.package_discovery:discover_packages(recursive) using defaults
[1.080s] Level 1:colcon.colcon_core.package_discovery:discover_packages(ignore) discover
[1.080s] Level 1:colcon.colcon_core.package_discovery:discover_packages(ignore) using defaults
[1.080s] Level 1:colcon.colcon_core.package_discovery:discover_packages(path) discover
[1.080s] Level 1:colcon.colcon_core.package_discovery:discover_packages(path) using defaults
[1.161s] Level 1:colcon.colcon_core.package_discovery:discover_packages(prefix_path) check parameters
[1.162s] Level 1:colcon.colcon_core.package_discovery:discover_packages(prefix_path) discover
[1.172s] DEBUG:colcon.colcon_installed_package_information.package_discovery:Found 1 installed packages in /home/ubuntu/Desktop/Research_Track_I/install
[1.178s] DEBUG:colcon.colcon_installed_package_information.package_discovery:Found 315 installed packages in /opt/ros/jazzy
[1.180s] Level 1:colcon.colcon_core.package_discovery:discover_packages(prefix_path) using defaults
[1.412s] Level 5:colcon.colcon_core.verb:set package 'Assignment1' build argument 'cmake_args' from command line to 'None'
[1.412s] Level 5:colcon.colcon_core.verb:set package 'Assignment1' build argument 'cmake_target' from command line to 'None'
[1.412s] Level 5:colcon.colcon_core.verb:set package 'Assignment1' build argument 'cmake_target_skip_unavailable' from command line to 'False'
[1.413s] Level 5:colcon.colcon_core.verb:set package 'Assignment1' build argument 'cmake_clean_cache' from command line to 'False'
[1.413s] Level 5:colcon.colcon_core.verb:set package 'Assignment1' build argument 'cmake_clean_first' from command line to 'False'
[1.413s] Level 5:colcon.colcon_core.verb:set package 'Assignment1' build argument 'cmake_force_configure' from command line to 'False'
[1.413s] Level 5:colcon.colcon_core.verb:set package 'Assignment1' build argument 'ament_cmake_args' from command line to 'None'
[1.413s] Level 5:colcon.colcon_core.verb:set package 'Assignment1' build argument 'catkin_cmake_args' from command line to 'None'
[1.413s] Level 5:colcon.colcon_core.verb:set package 'Assignment1' build argument 'catkin_skip_building_tests' from command line to 'False'
[1.413s] DEBUG:colcon.colcon_core.verb:Building package 'Assignment1' with the following arguments: {'ament_cmake_args': None, 'build_base': '/home/ubuntu/Desktop/Research_Track_I/build/Assignment1', 'catkin_cmake_args': None, 'catkin_skip_building_tests': False, 'cmake_args': None, 'cmake_clean_cache': False, 'cmake_clean_first': False, 'cmake_force_configure': False, 'cmake_target': None, 'cmake_target_skip_unavailable': False, 'install_base': '/home/ubuntu/Desktop/Research_Track_I/install/Assignment1', 'merge_install': False, 'path': '/home/ubuntu/Desktop/Research_Track_I/src/Assignment1', 'symlink_install': False, 'test_result_base': None}
[1.413s] INFO:colcon.colcon_core.executor:Executing jobs using 'parallel' executor
[1.416s] DEBUG:colcon.colcon_parallel_executor.executor.parallel:run_until_complete
[1.417s] INFO:colcon.colcon_ros.task.ament_cmake.build:Building ROS package in '/home/ubuntu/Desktop/Research_Track_I/src/Assignment1' with build type 'ament_cmake'
[1.418s] INFO:colcon.colcon_cmake.task.cmake.build:Building CMake package in '/home/ubuntu/Desktop/Research_Track_I/src/Assignment1'
[1.431s] INFO:colcon.colcon_core.plugin_system:Skipping extension 'colcon_core.shell.bat': Not used on non-Windows systems
[1.432s] INFO:colcon.colcon_core.shell:Skip shell extension 'powershell' for command environment: Not usable outside of PowerShell
[1.433s] DEBUG:colcon.colcon_core.shell:Skip shell extension 'dsv' for command environment
[1.490s] DEBUG:colcon.colcon_core.event_handler.log_command:Invoking command in '/home/ubuntu/Desktop/Research_Track_I/build/Assignment1': CMAKE_PREFIX_PATH=${CMAKE_PREFIX_PATH}:/opt/ros/jazzy /usr/bin/cmake --build /home/ubuntu/Desktop/Research_Track_I/build/Assignment1 -- -j8 -l8
[22.452s] DEBUG:colcon.colcon_core.event_handler.log_command:Invoked command in '/home/ubuntu/Desktop/Research_Track_I/build/Assignment1' returned '0': CMAKE_PREFIX_PATH=${CMAKE_PREFIX_PATH}:/opt/ros/jazzy /usr/bin/cmake --build /home/ubuntu/Desktop/Research_Track_I/build/Assignment1 -- -j8 -l8
[22.479s] DEBUG:colcon.colcon_core.event_handler.log_command:Invoking command in '/home/ubuntu/Desktop/Research_Track_I/build/Assignment1': CMAKE_PREFIX_PATH=${CMAKE_PREFIX_PATH}:/opt/ros/jazzy /usr/bin/cmake --install /home/ubuntu/Desktop/Research_Track_I/build/Assignment1
[22.784s] Level 1:colcon.colcon_core.environment:create_environment_scripts_only(Assignment1)
[22.790s] DEBUG:colcon.colcon_core.event_handler.log_command:Invoked command in '/home/ubuntu/Desktop/Research_Track_I/build/Assignment1' returned '0': CMAKE_PREFIX_PATH=${CMAKE_PREFIX_PATH}:/opt/ros/jazzy /usr/bin/cmake --install /home/ubuntu/Desktop/Research_Track_I/build/Assignment1
[22.807s] Level 1:colcon.colcon_core.environment:checking '/home/ubuntu/Desktop/Research_Track_I/install/Assignment1' for CMake module files
[22.811s] Level 1:colcon.colcon_core.environment:checking '/home/ubuntu/Desktop/Research_Track_I/install/Assignment1' for CMake config files
[22.815s] Level 1:colcon.colcon_core.shell:create_environment_hook('Assignment1', 'cmake_prefix_path')
[22.817s] INFO:colcon.colcon_core.shell:Creating environment hook '/home/ubuntu/Desktop/Research_Track_I/install/Assignment1/share/Assignment1/hook/cmake_prefix_path.ps1'
[22.834s] INFO:colcon.colcon_core.shell:Creating environment descriptor '/home/ubuntu/Desktop/Research_Track_I/install/Assignment1/share/Assignment1/hook/cmake_prefix_path.dsv'
[22.837s] INFO:colcon.colcon_core.shell:Creating environment hook '/home/ubuntu/Desktop/Research_Track_I/install/Assignment1/share/Assignment1/hook/cmake_prefix_path.sh'
[22.845s] Level 1:colcon.colcon_core.environment:checking '/home/ubuntu/Desktop/Research_Track_I/install/Assignment1/lib'
[22.846s] Level 1:colcon.colcon_core.environment:checking '/home/ubuntu/Desktop/Research_Track_I/install/Assignment1/bin'
[22.846s] Level 1:colcon.colcon_core.environment:checking '/home/ubuntu/Desktop/Research_Track_I/install/Assignment1/lib/pkgconfig/Assignment1.pc'
[22.849s] Level 1:colcon.colcon_core.environment:checking '/home/ubuntu/Desktop/Research_Track_I/install/Assignment1/lib/python3.12/site-packages'
[22.850s] Level 1:colcon.colcon_core.environment:checking '/home/ubuntu/Desktop/Research_Track_I/install/Assignment1/bin'
[22.851s] INFO:colcon.colcon_core.shell:Creating package script '/home/ubuntu/Desktop/Research_Track_I/install/Assignment1/share/Assignment1/package.ps1'
[22.855s] INFO:colcon.colcon_core.shell:Creating package descriptor '/home/ubuntu/Desktop/Research_Track_I/install/Assignment1/share/Assignment1/package.dsv'
[22.861s] INFO:colcon.colcon_core.shell:Creating package script '/home/ubuntu/Desktop/Research_Track_I/install/Assignment1/share/Assignment1/package.sh'
[22.867s] INFO:colcon.colcon_core.shell:Creating package script '/home/ubuntu/Desktop/Research_Track_I/install/Assignment1/share/Assignment1/package.bash'
[22.871s] INFO:colcon.colcon_core.shell:Creating package script '/home/ubuntu/Desktop/Research_Track_I/install/Assignment1/share/Assignment1/package.zsh'
[22.876s] Level 1:colcon.colcon_core.environment:create_file_with_runtime_dependencies(/home/ubuntu/Desktop/Research_Track_I/install/Assignment1/share/colcon-core/packages/Assignment1)
[22.881s] Level 1:colcon.colcon_core.environment:create_environment_scripts_only(Assignment1)
[22.883s] Level 1:colcon.colcon_core.environment:checking '/home/ubuntu/Desktop/Research_Track_I/install/Assignment1' for CMake module files
[22.889s] Level 1:colcon.colcon_core.environment:checking '/home/ubuntu/Desktop/Research_Track_I/install/Assignment1' for CMake config files
[22.890s] Level 1:colcon.colcon_core.shell:create_environment_hook('Assignment1', 'cmake_prefix_path')
[22.891s] INFO:colcon.colcon_core.shell:Creating environment hook '/home/ubuntu/Desktop/Research_Track_I/install/Assignment1/share/Assignment1/hook/cmake_prefix_path.ps1'
[22.893s] INFO:colcon.colcon_core.shell:Creating environment descriptor '/home/ubuntu/Desktop/Research_Track_I/install/Assignment1/share/Assignment1/hook/cmake_prefix_path.dsv'
[22.894s] INFO:colcon.colcon_core.shell:Creating environment hook '/home/ubuntu/Desktop/Research_Track_I/install/Assignment1/share/Assignment1/hook/cmake_prefix_path.sh'
[22.896s] Level 1:colcon.colcon_core.environment:checking '/home/ubuntu/Desktop/Research_Track_I/install/Assignment1/lib'
[22.896s] Level 1:colcon.colcon_core.environment:checking '/home/ubuntu/Desktop/Research_Track_I/install/Assignment1/bin'
[22.897s] Level 1:colcon.colcon_core.environment:checking '/home/ubuntu/Desktop/Research_Track_I/install/Assignment1/lib/pkgconfig/Assignment1.pc'
[22.897s] Level 1:colcon.colcon_core.environment:checking '/home/ubuntu/Desktop/Research_Track_I/install/Assignment1/lib/python3.12/site-packages'
[22.898s] Level 1:colcon.colcon_core.environment:checking '/home/ubuntu/Desktop/Research_Track_I/install/Assignment1/bin'
[22.899s] INFO:colcon.colcon_core.shell:Creating package script '/home/ubuntu/Desktop/Research_Track_I/install/Assignment1/share/Assignment1/package.ps1'
[22.901s] INFO:colcon.colcon_core.shell:Creating package descriptor '/home/ubuntu/Desktop/Research_Track_I/install/Assignment1/share/Assignment1/package.dsv'
[22.903s] INFO:colcon.colcon_core.shell:Creating package script '/home/ubuntu/Desktop/Research_Track_I/install/Assignment1/share/Assignment1/package.sh'
[22.906s] INFO:colcon.colcon_core.shell:Creating package script '/home/ubuntu/Desktop/Research_Track_I/install/Assignment1/share/Assignment1/package.bash'
[22.909s] INFO:colcon.colcon_core.shell:Creating package script '/home/ubuntu/Desktop/Research_Track_I/install/Assignment1/share/Assignment1/package.zsh'
[22.916s] Level 1:colcon.colcon_core.environment:create_file_with_runtime_dependencies(/home/ubuntu/Desktop/Research_Track_I/install/Assignment1/share/colcon-core/packages/Assignment1)
[22.919s] DEBUG:colcon.colcon_parallel_executor.executor.parallel:closing loop
[22.925s] DEBUG:colcon.colcon_parallel_executor.executor.parallel:loop closed
[22.927s] DEBUG:colcon.colcon_parallel_executor.executor.parallel:run_until_complete finished with '0'
[22.928s] DEBUG:colcon.colcon_core.event_reactor:joining thread
[22.963s] INFO:colcon.colcon_core.plugin_system:Skipping extension 'colcon_notification.desktop_notification.terminal_notifier': Not used on non-Darwin systems
[22.963s] INFO:colcon.colcon_core.plugin_system:Skipping extension 'colcon_notification.desktop_notification.win32': Not used on non-Windows systems
[22.963s] INFO:colcon.colcon_notification.desktop_notification:Sending desktop notification using 'notify2'
[23.731s] DEBUG:colcon.colcon_core.event_reactor:joined thread
[23.732s] INFO:colcon.colcon_core.shell:Creating prefix script '/home/ubuntu/Desktop/Research_Track_I/install/local_setup.ps1'
[23.736s] INFO:colcon.colcon_core.shell:Creating prefix util module '/home/ubuntu/Desktop/Research_Track_I/install/_local_setup_util_ps1.py'
[23.740s] INFO:colcon.colcon_core.shell:Creating prefix chain script '/home/ubuntu/Desktop/Research_Track_I/install/setup.ps1'
[23.744s] INFO:colcon.colcon_core.shell:Creating prefix script '/home/ubuntu/Desktop/Research_Track_I/install/local_setup.sh'
[23.746s] INFO:colcon.colcon_core.shell:Creating prefix util module '/home/ubuntu/Desktop/Research_Track_I/install/_local_setup_util_sh.py'
[23.748s] INFO:colcon.colcon_core.shell:Creating prefix chain script '/home/ubuntu/Desktop/Research_Track_I/install/setup.sh'
[23.752s] INFO:colcon.colcon_core.shell:Creating prefix script '/home/ubuntu/Desktop/Research_Track_I/install/local_setup.bash'
[23.755s] INFO:colcon.colcon_core.shell:Creating prefix chain script '/home/ubuntu/Desktop/Research_Track_I/install/setup.bash'
[23.758s] INFO:colcon.colcon_core.shell:Creating prefix script '/home/ubuntu/Desktop/Research_Track_I/install/local_setup.zsh'
[23.759s] INFO:colcon.colcon_core.shell:Creating prefix chain script '/home/ubuntu/Desktop/Research_Track_I/install/setup.zsh'
