[0.035s] Invoking command in '/home/ubuntu/Desktop/Research_Track_I/build/Assignment1': CMAKE_PREFIX_PATH=${CMAKE_PREFIX_PATH}:/opt/ros/jazzy /usr/bin/cmake --build /home/ubuntu/Desktop/Research_Track_I/build/Assignment1 -- -j8 -l8
[0.272s] [ 50%] [32mBuilding CXX object CMakeFiles/node1.dir/src/node1.cpp.o[0m
[6.007s] [100%] [32m[1mLinking CXX executable node1[0m
[6.240s] [100%] Built target node1
[6.255s] Invoked command in '/home/ubuntu/Desktop/Research_Track_I/build/Assignment1' returned '0': CMAKE_PREFIX_PATH=${CMAKE_PREFIX_PATH}:/opt/ros/jazzy /usr/bin/cmake --build /home/ubuntu/Desktop/Research_Track_I/build/Assignment1 -- -j8 -l8
[6.270s] Invoking command in '/home/ubuntu/Desktop/Research_Track_I/build/Assignment1': CMAKE_PREFIX_PATH=${CMAKE_PREFIX_PATH}:/opt/ros/jazzy /usr/bin/cmake --install /home/ubuntu/Desktop/Research_Track_I/build/Assignment1
[6.280s] -- Install configuration: ""
[6.282s] -- Installing: /home/ubuntu/Desktop/Research_Track_I/install/Assignment1/lib/Assignment1/node1
[6.290s] -- Set non-toolchain portion of runtime path of "/home/ubuntu/Desktop/Research_Track_I/install/Assignment1/lib/Assignment1/node1" to ""
[6.290s] -- Up-to-date: /home/ubuntu/Desktop/Research_Track_I/install/Assignment1/share/ament_index/resource_index/package_run_dependencies/Assignment1
[6.291s] -- Up-to-date: /home/ubuntu/Desktop/Research_Track_I/install/Assignment1/share/ament_index/resource_index/parent_prefix_path/Assignment1
[6.291s] -- Up-to-date: /home/ubuntu/Desktop/Research_Track_I/install/Assignment1/share/Assignment1/environment/ament_prefix_path.sh
[6.291s] -- Up-to-date: /home/ubuntu/Desktop/Research_Track_I/install/Assignment1/share/Assignment1/environment/ament_prefix_path.dsv
[6.291s] -- Up-to-date: /home/ubuntu/Desktop/Research_Track_I/install/Assignment1/share/Assignment1/environment/path.sh
[6.291s] -- Up-to-date: /home/ubuntu/Desktop/Research_Track_I/install/Assignment1/share/Assignment1/environment/path.dsv
[6.291s] -- Up-to-date: /home/ubuntu/Desktop/Research_Track_I/install/Assignment1/share/Assignment1/local_setup.bash
[6.291s] -- Up-to-date: /home/ubuntu/Desktop/Research_Track_I/install/Assignment1/share/Assignment1/local_setup.sh
[6.292s] -- Up-to-date: /home/ubuntu/Desktop/Research_Track_I/install/Assignment1/share/Assignment1/local_setup.zsh
[6.292s] -- Up-to-date: /home/ubuntu/Desktop/Research_Track_I/install/Assignment1/share/Assignment1/local_setup.dsv
[6.292s] -- Installing: /home/ubuntu/Desktop/Research_Track_I/install/Assignment1/share/Assignment1/package.dsv
[6.292s] -- Up-to-date: /home/ubuntu/Desktop/Research_Track_I/install/Assignment1/share/ament_index/resource_index/packages/Assignment1
[6.292s] -- Up-to-date: /home/ubuntu/Desktop/Research_Track_I/install/Assignment1/share/Assignment1/cmake/Assignment1Config.cmake
[6.292s] -- Up-to-date: /home/ubuntu/Desktop/Research_Track_I/install/Assignment1/share/Assignment1/cmake/Assignment1Config-version.cmake
[6.292s] -- Up-to-date: /home/ubuntu/Desktop/Research_Track_I/install/Assignment1/share/Assignment1/package.xml
[6.295s] Invoked command in '/home/ubuntu/Desktop/Research_Track_I/build/Assignment1' returned '0': CMAKE_PREFIX_PATH=${CMAKE_PREFIX_PATH}:/opt/ros/jazzy /usr/bin/cmake --install /home/ubuntu/Desktop/Research_Track_I/build/Assignment1
