[0.537s] DEBUG:colcon:Command line arguments: ['/usr/bin/colcon', 'build']
[0.538s] DEBUG:colcon:Parsed command line arguments: Namespace(log_base=None, log_level=None, verb_name='build', build_base='build', install_base='install', merge_install=False, symlink_install=False, test_result_base=None, continue_on_error=False, executor='parallel', parallel_workers=8, event_handlers=None, ignore_user_meta=False, metas=['./colcon.meta'], base_paths=['.'], packages_ignore=None, packages_ignore_regex=None, paths=None, packages_up_to=None, packages_up_to_regex=None, packages_above=None, packages_above_and_dependencies=None, packages_above_depth=None, packages_select_by_dep=None, packages_skip_by_dep=None, packages_skip_up_to=None, packages_select_build_failed=False, packages_skip_build_finished=False, packages_select_test_failures=False, packages_skip_test_passed=False, packages_select=None, packages_skip=None, packages_select_regex=None, packages_skip_regex=None, packages_start=None, packages_end=None, allow_overriding=[], cmake_args=None, cmake_target=None, cmake_target_skip_unavailable=False, cmake_clean_cache=False, cmake_clean_first=False, cmake_force_configure=False, ament_cmake_args=None, catkin_cmake_args=None, catkin_skip_building_tests=False, verb_parser=<colcon_defaults.argument_parser.defaults.DefaultArgumentsDecorator object at 0x7cbf32a176b0>, verb_extension=<colcon_core.verb.build.BuildVerb object at 0x7cbf32b34560>, main=<bound method BuildVerb.main of <colcon_core.verb.build.BuildVerb object at 0x7cbf32b34560>>)
[0.713s] Level 1:colcon.colcon_core.package_discovery:discover_packages(colcon_meta) check parameters
[0.714s] Level 1:colcon.colcon_core.package_discovery:discover_packages(recursive) check parameters
[0.714s] Level 1:colcon.colcon_core.package_discovery:discover_packages(ignore) check parameters
[0.714s] Level 1:colcon.colcon_core.package_discovery:discover_packages(path) check parameters
[0.714s] Level 1:colcon.colcon_core.package_discovery:discover_packages(colcon_meta) discover
[0.714s] Level 1:colcon.colcon_core.package_discovery:discover_packages(recursive) discover
[0.714s] INFO:colcon.colcon_core.package_discovery:Crawling recursively for packages in '/home/ubuntu/Desktop/Research_Track_I'
[0.715s] Level 1:colcon.colcon_core.package_identification:_identify(.) by extensions ['ignore', 'ignore_ament_install']
[0.715s] Level 1:colcon.colcon_core.package_identification:_identify(.) by extension 'ignore'
[0.715s] Level 1:colcon.colcon_core.package_identification:_identify(.) by extension 'ignore_ament_install'
[0.716s] Level 1:colcon.colcon_core.package_identification:_identify(.) by extensions ['colcon_pkg']
[0.716s] Level 1:colcon.colcon_core.package_identification:_identify(.) by extension 'colcon_pkg'
[0.716s] Level 1:colcon.colcon_core.package_identification:_identify(.) by extensions ['colcon_meta']
[0.716s] Level 1:colcon.colcon_core.package_identification:_identify(.) by extension 'colcon_meta'
[0.716s] Level 1:colcon.colcon_core.package_identification:_identify(.) by extensions ['ros']
[0.716s] Level 1:colcon.colcon_core.package_identification:_identify(.) by extension 'ros'
[0.821s] Level 1:colcon.colcon_core.package_identification:_identify(.) by extensions ['cmake', 'python']
[0.821s] Level 1:colcon.colcon_core.package_identification:_identify(.) by extension 'cmake'
[0.821s] Level 1:colcon.colcon_core.package_identification:_identify(.) by extension 'python'
[0.822s] Level 1:colcon.colcon_core.package_identification:_identify(.) by extensions ['python_setup_py']
[0.822s] Level 1:colcon.colcon_core.package_identification:_identify(.) by extension 'python_setup_py'
[0.823s] Level 1:colcon.colcon_core.package_identification:_identify(build) by extensions ['ignore', 'ignore_ament_install']
[0.823s] Level 1:colcon.colcon_core.package_identification:_identify(build) by extension 'ignore'
[0.823s] Level 1:colcon.colcon_core.package_identification:_identify(build) ignored
[0.824s] Level 1:colcon.colcon_core.package_identification:_identify(install) by extensions ['ignore', 'ignore_ament_install']
[0.824s] Level 1:colcon.colcon_core.package_identification:_identify(install) by extension 'ignore'
[0.824s] Level 1:colcon.colcon_core.package_identification:_identify(install) ignored
[0.825s] Level 1:colcon.colcon_core.package_identification:_identify(log) by extensions ['ignore', 'ignore_ament_install']
[0.825s] Level 1:colcon.colcon_core.package_identification:_identify(log) by extension 'ignore'
[0.825s] Level 1:colcon.colcon_core.package_identification:_identify(log) ignored
[0.826s] Level 1:colcon.colcon_core.package_identification:_identify(src) by extensions ['ignore', 'ignore_ament_install']
[0.826s] Level 1:colcon.colcon_core.package_identification:_identify(src) by extension 'ignore'
[0.826s] Level 1:colcon.colcon_core.package_identification:_identify(src) by extension 'ignore_ament_install'
[0.827s] Level 1:colcon.colcon_core.package_identification:_identify(src) by extensions ['colcon_pkg']
[0.827s] Level 1:colcon.colcon_core.package_identification:_identify(src) by extension 'colcon_pkg'
[0.828s] Level 1:colcon.colcon_core.package_identification:_identify(src) by extensions ['colcon_meta']
[0.828s] Level 1:colcon.colcon_core.package_identification:_identify(src) by extension 'colcon_meta'
[0.828s] Level 1:colcon.colcon_core.package_identification:_identify(src) by extensions ['ros']
[0.828s] Level 1:colcon.colcon_core.package_identification:_identify(src) by extension 'ros'
[0.829s] Level 1:colcon.colcon_core.package_identification:_identify(src) by extensions ['cmake', 'python']
[0.829s] Level 1:colcon.colcon_core.package_identification:_identify(src) by extension 'cmake'
[0.829s] Level 1:colcon.colcon_core.package_identification:_identify(src) by extension 'python'
[0.830s] Level 1:colcon.colcon_core.package_identification:_identify(src) by extensions ['python_setup_py']
[0.830s] Level 1:colcon.colcon_core.package_identification:_identify(src) by extension 'python_setup_py'
[0.831s] Level 1:colcon.colcon_core.package_identification:_identify(src/Assignment1) by extensions ['ignore', 'ignore_ament_install']
[0.831s] Level 1:colcon.colcon_core.package_identification:_identify(src/Assignment1) by extension 'ignore'
[0.831s] Level 1:colcon.colcon_core.package_identification:_identify(src/Assignment1) by extension 'ignore_ament_install'
[0.832s] Level 1:colcon.colcon_core.package_identification:_identify(src/Assignment1) by extensions ['colcon_pkg']
[0.832s] Level 1:colcon.colcon_core.package_identification:_identify(src/Assignment1) by extension 'colcon_pkg'
[0.832s] Level 1:colcon.colcon_core.package_identification:_identify(src/Assignment1) by extensions ['colcon_meta']
[0.832s] Level 1:colcon.colcon_core.package_identification:_identify(src/Assignment1) by extension 'colcon_meta'
[0.832s] Level 1:colcon.colcon_core.package_identification:_identify(src/Assignment1) by extensions ['ros']
[0.832s] Level 1:colcon.colcon_core.package_identification:_identify(src/Assignment1) by extension 'ros'
[0.851s] DEBUG:colcon.colcon_core.package_identification:Package 'src/Assignment1' with type 'ros.ament_cmake' and name 'Assignment1'
[0.851s] Level 1:colcon.colcon_core.package_discovery:discover_packages(recursive) using defaults
[0.853s] Level 1:colcon.colcon_core.package_discovery:discover_packages(ignore) discover
[0.853s] Level 1:colcon.colcon_core.package_discovery:discover_packages(ignore) using defaults
[0.853s] Level 1:colcon.colcon_core.package_discovery:discover_packages(path) discover
[0.853s] Level 1:colcon.colcon_core.package_discovery:discover_packages(path) using defaults
[0.933s] Level 1:colcon.colcon_core.package_discovery:discover_packages(prefix_path) check parameters
[0.933s] Level 1:colcon.colcon_core.package_discovery:discover_packages(prefix_path) discover
[0.946s] DEBUG:colcon.colcon_installed_package_information.package_discovery:Found 315 installed packages in /opt/ros/jazzy
[0.948s] Level 1:colcon.colcon_core.package_discovery:discover_packages(prefix_path) using defaults
[1.155s] Level 5:colcon.colcon_core.verb:set package 'Assignment1' build argument 'cmake_args' from command line to 'None'
[1.156s] Level 5:colcon.colcon_core.verb:set package 'Assignment1' build argument 'cmake_target' from command line to 'None'
[1.156s] Level 5:colcon.colcon_core.verb:set package 'Assignment1' build argument 'cmake_target_skip_unavailable' from command line to 'False'
[1.156s] Level 5:colcon.colcon_core.verb:set package 'Assignment1' build argument 'cmake_clean_cache' from command line to 'False'
[1.156s] Level 5:colcon.colcon_core.verb:set package 'Assignment1' build argument 'cmake_clean_first' from command line to 'False'
[1.156s] Level 5:colcon.colcon_core.verb:set package 'Assignment1' build argument 'cmake_force_configure' from command line to 'False'
[1.156s] Level 5:colcon.colcon_core.verb:set package 'Assignment1' build argument 'ament_cmake_args' from command line to 'None'
[1.156s] Level 5:colcon.colcon_core.verb:set package 'Assignment1' build argument 'catkin_cmake_args' from command line to 'None'
[1.156s] Level 5:colcon.colcon_core.verb:set package 'Assignment1' build argument 'catkin_skip_building_tests' from command line to 'False'
[1.156s] DEBUG:colcon.colcon_core.verb:Building package 'Assignment1' with the following arguments: {'ament_cmake_args': None, 'build_base': '/home/ubuntu/Desktop/Research_Track_I/build/Assignment1', 'catkin_cmake_args': None, 'catkin_skip_building_tests': False, 'cmake_args': None, 'cmake_clean_cache': False, 'cmake_clean_first': False, 'cmake_force_configure': False, 'cmake_target': None, 'cmake_target_skip_unavailable': False, 'install_base': '/home/ubuntu/Desktop/Research_Track_I/install/Assignment1', 'merge_install': False, 'path': '/home/ubuntu/Desktop/Research_Track_I/src/Assignment1', 'symlink_install': False, 'test_result_base': None}
[1.157s] INFO:colcon.colcon_core.executor:Executing jobs using 'parallel' executor
[1.159s] DEBUG:colcon.colcon_parallel_executor.executor.parallel:run_until_complete
[1.160s] INFO:colcon.colcon_ros.task.ament_cmake.build:Building ROS package in '/home/ubuntu/Desktop/Research_Track_I/src/Assignment1' with build type 'ament_cmake'
[1.161s] INFO:colcon.colcon_cmake.task.cmake.build:Building CMake package in '/home/ubuntu/Desktop/Research_Track_I/src/Assignment1'
[1.170s] INFO:colcon.colcon_core.plugin_system:Skipping extension 'colcon_core.shell.bat': Not used on non-Windows systems
[1.170s] INFO:colcon.colcon_core.shell:Skip shell extension 'powershell' for command environment: Not usable outside of PowerShell
[1.171s] DEBUG:colcon.colcon_core.shell:Skip shell extension 'dsv' for command environment
[1.217s] DEBUG:colcon.colcon_core.event_handler.log_command:Invoking command in '/home/ubuntu/Desktop/Research_Track_I/build/Assignment1': CMAKE_PREFIX_PATH=${CMAKE_PREFIX_PATH}:/opt/ros/jazzy /usr/bin/cmake --build /home/ubuntu/Desktop/Research_Track_I/build/Assignment1 -- -j8 -l8
[15.650s] DEBUG:colcon.colcon_core.event_handler.log_command:Invoked command in '/home/ubuntu/Desktop/Research_Track_I/build/Assignment1' returned '0': CMAKE_PREFIX_PATH=${CMAKE_PREFIX_PATH}:/opt/ros/jazzy /usr/bin/cmake --build /home/ubuntu/Desktop/Research_Track_I/build/Assignment1 -- -j8 -l8
[15.685s] DEBUG:colcon.colcon_core.event_handler.log_command:Invoking command in '/home/ubuntu/Desktop/Research_Track_I/build/Assignment1': CMAKE_PREFIX_PATH=${CMAKE_PREFIX_PATH}:/opt/ros/jazzy /usr/bin/cmake --install /home/ubuntu/Desktop/Research_Track_I/build/Assignment1
[15.772s] Level 1:colcon.colcon_core.environment:create_environment_scripts_only(Assignment1)
[15.774s] DEBUG:colcon.colcon_core.event_handler.log_command:Invoked command in '/home/ubuntu/Desktop/Research_Track_I/build/Assignment1' returned '0': CMAKE_PREFIX_PATH=${CMAKE_PREFIX_PATH}:/opt/ros/jazzy /usr/bin/cmake --install /home/ubuntu/Desktop/Research_Track_I/build/Assignment1
[15.786s] Level 1:colcon.colcon_core.environment:checking '/home/ubuntu/Desktop/Research_Track_I/install/Assignment1' for CMake module files
[15.788s] Level 1:colcon.colcon_core.environment:checking '/home/ubuntu/Desktop/Research_Track_I/install/Assignment1' for CMake config files
[15.789s] Level 1:colcon.colcon_core.shell:create_environment_hook('Assignment1', 'cmake_prefix_path')
[15.790s] INFO:colcon.colcon_core.shell:Creating environment hook '/home/ubuntu/Desktop/Research_Track_I/install/Assignment1/share/Assignment1/hook/cmake_prefix_path.ps1'
[15.792s] INFO:colcon.colcon_core.shell:Creating environment descriptor '/home/ubuntu/Desktop/Research_Track_I/install/Assignment1/share/Assignment1/hook/cmake_prefix_path.dsv'
[15.794s] INFO:colcon.colcon_core.shell:Creating environment hook '/home/ubuntu/Desktop/Research_Track_I/install/Assignment1/share/Assignment1/hook/cmake_prefix_path.sh'
[15.796s] Level 1:colcon.colcon_core.environment:checking '/home/ubuntu/Desktop/Research_Track_I/install/Assignment1/lib'
[15.797s] Level 1:colcon.colcon_core.environment:checking '/home/ubuntu/Desktop/Research_Track_I/install/Assignment1/bin'
[15.797s] Level 1:colcon.colcon_core.environment:checking '/home/ubuntu/Desktop/Research_Track_I/install/Assignment1/lib/pkgconfig/Assignment1.pc'
[15.798s] Level 1:colcon.colcon_core.environment:checking '/home/ubuntu/Desktop/Research_Track_I/install/Assignment1/lib/python3.12/site-packages'
[15.799s] Level 1:colcon.colcon_core.environment:checking '/home/ubuntu/Desktop/Research_Track_I/install/Assignment1/bin'
[15.799s] INFO:colcon.colcon_core.shell:Creating package script '/home/ubuntu/Desktop/Research_Track_I/install/Assignment1/share/Assignment1/package.ps1'
[15.803s] INFO:colcon.colcon_core.shell:Creating package descriptor '/home/ubuntu/Desktop/Research_Track_I/install/Assignment1/share/Assignment1/package.dsv'
[15.804s] INFO:colcon.colcon_core.shell:Creating package script '/home/ubuntu/Desktop/Research_Track_I/install/Assignment1/share/Assignment1/package.sh'
[15.807s] INFO:colcon.colcon_core.shell:Creating package script '/home/ubuntu/Desktop/Research_Track_I/install/Assignment1/share/Assignment1/package.bash'
[15.810s] INFO:colcon.colcon_core.shell:Creating package script '/home/ubuntu/Desktop/Research_Track_I/install/Assignment1/share/Assignment1/package.zsh'
[15.812s] Level 1:colcon.colcon_core.environment:create_file_with_runtime_dependencies(/home/ubuntu/Desktop/Research_Track_I/install/Assignment1/share/colcon-core/packages/Assignment1)
[15.816s] Level 1:colcon.colcon_core.environment:create_environment_scripts_only(Assignment1)
[15.816s] Level 1:colcon.colcon_core.environment:checking '/home/ubuntu/Desktop/Research_Track_I/install/Assignment1' for CMake module files
[15.819s] Level 1:colcon.colcon_core.environment:checking '/home/ubuntu/Desktop/Research_Track_I/install/Assignment1' for CMake config files
[15.820s] Level 1:colcon.colcon_core.shell:create_environment_hook('Assignment1', 'cmake_prefix_path')
[15.821s] INFO:colcon.colcon_core.shell:Creating environment hook '/home/ubuntu/Desktop/Research_Track_I/install/Assignment1/share/Assignment1/hook/cmake_prefix_path.ps1'
[15.823s] INFO:colcon.colcon_core.shell:Creating environment descriptor '/home/ubuntu/Desktop/Research_Track_I/install/Assignment1/share/Assignment1/hook/cmake_prefix_path.dsv'
[15.824s] INFO:colcon.colcon_core.shell:Creating environment hook '/home/ubuntu/Desktop/Research_Track_I/install/Assignment1/share/Assignment1/hook/cmake_prefix_path.sh'
[15.826s] Level 1:colcon.colcon_core.environment:checking '/home/ubuntu/Desktop/Research_Track_I/install/Assignment1/lib'
[15.826s] Level 1:colcon.colcon_core.environment:checking '/home/ubuntu/Desktop/Research_Track_I/install/Assignment1/bin'
[15.826s] Level 1:colcon.colcon_core.environment:checking '/home/ubuntu/Desktop/Research_Track_I/install/Assignment1/lib/pkgconfig/Assignment1.pc'
[15.827s] Level 1:colcon.colcon_core.environment:checking '/home/ubuntu/Desktop/Research_Track_I/install/Assignment1/lib/python3.12/site-packages'
[15.828s] Level 1:colcon.colcon_core.environment:checking '/home/ubuntu/Desktop/Research_Track_I/install/Assignment1/bin'
[15.828s] INFO:colcon.colcon_core.shell:Creating package script '/home/ubuntu/Desktop/Research_Track_I/install/Assignment1/share/Assignment1/package.ps1'
[15.829s] INFO:colcon.colcon_core.shell:Creating package descriptor '/home/ubuntu/Desktop/Research_Track_I/install/Assignment1/share/Assignment1/package.dsv'
[15.830s] INFO:colcon.colcon_core.shell:Creating package script '/home/ubuntu/Desktop/Research_Track_I/install/Assignment1/share/Assignment1/package.sh'
[15.831s] INFO:colcon.colcon_core.shell:Creating package script '/home/ubuntu/Desktop/Research_Track_I/install/Assignment1/share/Assignment1/package.bash'
[15.832s] INFO:colcon.colcon_core.shell:Creating package script '/home/ubuntu/Desktop/Research_Track_I/install/Assignment1/share/Assignment1/package.zsh'
[15.834s] Level 1:colcon.colcon_core.environment:create_file_with_runtime_dependencies(/home/ubuntu/Desktop/Research_Track_I/install/Assignment1/share/colcon-core/packages/Assignment1)
[15.834s] DEBUG:colcon.colcon_parallel_executor.executor.parallel:closing loop
[15.835s] DEBUG:colcon.colcon_parallel_executor.executor.parallel:loop closed
[15.837s] DEBUG:colcon.colcon_parallel_executor.executor.parallel:run_until_complete finished with '0'
[15.837s] DEBUG:colcon.colcon_core.event_reactor:joining thread
[15.866s] INFO:colcon.colcon_core.plugin_system:Skipping extension 'colcon_notification.desktop_notification.terminal_notifier': Not used on non-Darwin systems
[15.867s] INFO:colcon.colcon_core.plugin_system:Skipping extension 'colcon_notification.desktop_notification.win32': Not used on non-Windows systems
[15.867s] INFO:colcon.colcon_notification.desktop_notification:Sending desktop notification using 'notify2'
[16.353s] DEBUG:colcon.colcon_core.event_reactor:joined thread
[16.353s] INFO:colcon.colcon_core.shell:Creating prefix script '/home/ubuntu/Desktop/Research_Track_I/install/local_setup.ps1'
[16.356s] INFO:colcon.colcon_core.shell:Creating prefix util module '/home/ubuntu/Desktop/Research_Track_I/install/_local_setup_util_ps1.py'
[16.359s] INFO:colcon.colcon_core.shell:Creating prefix chain script '/home/ubuntu/Desktop/Research_Track_I/install/setup.ps1'
[16.363s] INFO:colcon.colcon_core.shell:Creating prefix script '/home/ubuntu/Desktop/Research_Track_I/install/local_setup.sh'
[16.365s] INFO:colcon.colcon_core.shell:Creating prefix util module '/home/ubuntu/Desktop/Research_Track_I/install/_local_setup_util_sh.py'
[16.367s] INFO:colcon.colcon_core.shell:Creating prefix chain script '/home/ubuntu/Desktop/Research_Track_I/install/setup.sh'
[16.371s] INFO:colcon.colcon_core.shell:Creating prefix script '/home/ubuntu/Desktop/Research_Track_I/install/local_setup.bash'
[16.373s] INFO:colcon.colcon_core.shell:Creating prefix chain script '/home/ubuntu/Desktop/Research_Track_I/install/setup.bash'
[16.376s] INFO:colcon.colcon_core.shell:Creating prefix script '/home/ubuntu/Desktop/Research_Track_I/install/local_setup.zsh'
[16.379s] INFO:colcon.colcon_core.shell:Creating prefix chain script '/home/ubuntu/Desktop/Research_Track_I/install/setup.zsh'
